TN:
SF:src/App.tsx
FN:4,(anonymous_0)
FN:25,(anonymous_1)
FN:33,(anonymous_2)
FN:35,(anonymous_3)
FN:36,(anonymous_4)
FN:37,(anonymous_5)
FN:41,(anonymous_6)
FN:53,(anonymous_7)
FN:61,(anonymous_8)
FN:124,(anonymous_9)
FN:150,(anonymous_10)
FN:155,(anonymous_11)
FN:159,(anonymous_12)
FN:185,(anonymous_13)
FN:197,(anonymous_14)
FN:202,(anonymous_15)
FNF:16
FNH:0
FNDA:0,(anonymous_0)
FNDA:0,(anonymous_1)
FNDA:0,(anonymous_2)
FNDA:0,(anonymous_3)
FNDA:0,(anonymous_4)
FNDA:0,(anonymous_5)
FNDA:0,(anonymous_6)
FNDA:0,(anonymous_7)
FNDA:0,(anonymous_8)
FNDA:0,(anonymous_9)
FNDA:0,(anonymous_10)
FNDA:0,(anonymous_11)
FNDA:0,(anonymous_12)
FNDA:0,(anonymous_13)
FNDA:0,(anonymous_14)
FNDA:0,(anonymous_15)
DA:4,0
DA:7,0
DA:22,0
DA:25,0
DA:26,0
DA:27,0
DA:30,0
DA:32,0
DA:33,0
DA:35,0
DA:36,0
DA:37,0
DA:39,0
DA:40,0
DA:41,0
DA:42,0
DA:45,0
DA:48,0
DA:52,0
DA:53,0
DA:54,0
DA:57,0
DA:61,0
DA:64,0
DA:125,0
DA:151,0
DA:152,0
DA:156,0
DA:160,0
DA:161,0
DA:185,0
DA:193,0
DA:197,0
DA:198,0
DA:200,0
DA:202,0
LF:36
LH:0
BRDA:39,0,0,0
BRDA:39,0,1,0
BRDA:49,1,0,0
BRDA:49,1,1,0
BRDA:128,2,0,0
BRDA:128,2,1,0
BRDA:128,3,0,0
BRDA:128,3,1,0
BRDA:132,4,0,0
BRDA:132,4,1,0
BRDA:132,5,0,0
BRDA:132,5,1,0
BRDA:160,6,0,0
BRDA:160,6,1,0
BRDA:202,7,0,0
BRDA:202,7,1,0
BRDA:205,8,0,0
BRDA:205,8,1,0
BRF:18
BRH:0
end_of_record
TN:
SF:src/companion/CompanionSprite.tsx
FN:33,getOrCreateSoul
FN:62,CompanionSprite
FN:66,(anonymous_2)
FN:73,(anonymous_3)
FN:74,(anonymous_4)
FN:75,(anonymous_5)
FN:77,(anonymous_6)
FN:80,(anonymous_7)
FN:80,(anonymous_8)
FN:137,(anonymous_9)
FNF:10
FNH:0
FNDA:0,getOrCreateSoul
FNDA:0,CompanionSprite
FNDA:0,(anonymous_2)
FNDA:0,(anonymous_3)
FNDA:0,(anonymous_4)
FNDA:0,(anonymous_5)
FNDA:0,(anonymous_6)
FNDA:0,(anonymous_7)
FNDA:0,(anonymous_8)
FNDA:0,(anonymous_9)
DA:15,0
DA:22,0
DA:34,0
DA:35,0
DA:36,0
DA:37,0
DA:38,0
DA:39,0
DA:44,0
DA:45,0
DA:47,0
DA:53,0
DA:54,0
DA:56,0
DA:63,0
DA:64,0
DA:66,0
DA:67,0
DA:68,0
DA:69,0
DA:70,0
DA:73,0
DA:74,0
DA:75,0
DA:77,0
DA:80,0
DA:82,0
DA:84,0
DA:85,0
DA:86,0
DA:87,0
DA:89,0
DA:138,0
LF:33
LH:0
BRDA:35,0,0,0
BRDA:35,0,1,0
BRDA:35,1,0,0
BRDA:35,1,1,0
BRDA:37,2,0,0
BRDA:37,2,1,0
BRDA:53,3,0,0
BRDA:53,3,1,0
BRDA:53,4,0,0
BRDA:53,4,1,0
BRDA:82,5,0,0
BRDA:82,5,1,0
BRDA:120,6,0,0
BRDA:120,6,1,0
BRDA:122,7,0,0
BRDA:122,7,1,0
BRDA:131,8,0,0
BRDA:131,8,1,0
BRDA:135,9,0,0
BRDA:135,9,1,0
BRF:20
BRH:0
end_of_record
TN:
SF:src/companion/companion.ts
FN:26,fnv1a
FN:36,mulberry32
FN:38,(anonymous_2)
FN:48,pick
FN:53,pickRarity
FN:54,(anonymous_5)
FN:64,rollStats
FN:84,rollFrom
FN:108,roll
FN:119,rollWithSeed
FN:126,companionUserId
FNF:11
FNH:0
FNDA:0,fnv1a
FNDA:0,mulberry32
FNDA:0,(anonymous_2)
FNDA:0,pick
FNDA:0,pickRarity
FNDA:0,(anonymous_5)
FNDA:0,rollStats
FNDA:0,rollFrom
FNDA:0,roll
FNDA:0,rollWithSeed
FNDA:0,companionUserId
DA:23,0
DA:27,0
DA:28,0
DA:29,0
DA:30,0
DA:32,0
DA:37,0
DA:38,0
DA:39,0
DA:40,0
DA:41,0
DA:42,0
DA:43,0
DA:49,0
DA:54,0
DA:55,0
DA:56,0
DA:57,0
DA:58,0
DA:60,0
DA:65,0
DA:66,0
DA:67,0
DA:68,0
DA:70,0
DA:71,0
DA:72,0
DA:73,0
DA:74,0
DA:75,0
DA:77,0
DA:80,0
DA:85,0
DA:86,0
DA:88,0
DA:89,0
DA:90,0
DA:91,0
DA:92,0
DA:93,0
DA:94,0
DA:96,0
DA:103,0
DA:109,0
DA:110,0
DA:111,0
DA:112,0
DA:113,0
DA:120,0
DA:127,0
DA:128,0
DA:129,0
DA:130,0
DA:131,0
DA:133,0
DA:135,0
LF:56
LH:0
BRDA:58,0,0,0
BRDA:58,0,1,0
BRDA:72,1,0,0
BRDA:72,1,1,0
BRDA:74,2,0,0
BRDA:74,2,1,0
BRDA:91,3,0,0
BRDA:91,3,1,0
BRDA:110,4,0,0
BRDA:110,4,1,0
BRDA:110,5,0,0
BRDA:110,5,1,0
BRDA:127,6,0,0
BRDA:127,6,1,0
BRDA:127,7,0,0
BRDA:127,7,1,0
BRDA:129,8,0,0
BRDA:129,8,1,0
BRF:18
BRH:0
end_of_record
TN:
SF:src/companion/index.ts
FNF:0
FNH:0
LF:0
LH:0
BRF:0
BRH:0
end_of_record
TN:
SF:src/companion/sprites.ts
FN:126,renderSprite
FN:133,(anonymous_1)
FN:149,spriteFrameCount
FN:156,renderFace
FNF:4
FNH:0
FNDA:0,renderSprite
FNDA:0,(anonymous_1)
FNDA:0,spriteFrameCount
FNDA:0,renderFace
DA:14,0
DA:108,0
DA:120,0
DA:121,0
DA:127,0
DA:128,0
DA:129,0
DA:131,0
DA:133,0
DA:135,0
DA:136,0
DA:139,0
DA:140,0
DA:143,0
DA:150,0
DA:157,0
LF:16
LH:0
BRDA:126,0,0,0
BRDA:127,1,0,0
BRDA:127,1,1,0
BRDA:131,2,0,0
BRDA:131,2,1,0
BRDA:135,3,0,0
BRDA:135,3,1,0
BRDA:135,4,0,0
BRDA:135,4,1,0
BRDA:139,5,0,0
BRDA:139,5,1,0
BRF:11
BRH:0
end_of_record
TN:
SF:src/companion/types.ts
FNF:0
FNH:0
DA:11,0
DA:14,0
DA:22,0
DA:30,0
DA:38,0
DA:47,0
DA:55,0
DA:59,0
DA:66,0
LF:9
LH:0
BRF:0
BRH:0
end_of_record
TN:
SF:src/components/AlOtaibiPlanckModule.tsx
FN:14,(anonymous_0)
FN:15,(anonymous_1)
FN:19,(anonymous_2)
FN:69,(anonymous_3)
FN:88,(anonymous_4)
FN:115,(anonymous_5)
FNF:6
FNH:0
FNDA:0,(anonymous_0)
FNDA:0,(anonymous_1)
FNDA:0,(anonymous_2)
FNDA:0,(anonymous_3)
FNDA:0,(anonymous_4)
FNDA:0,(anonymous_5)
DA:14,0
DA:15,0
DA:16,0
DA:17,0
DA:19,0
DA:20,0
DA:21,0
DA:22,0
DA:23,0
DA:24,0
DA:26,0
DA:27,0
DA:28,0
DA:29,0
DA:30,0
DA:32,0
DA:39,0
DA:42,0
DA:69,0
DA:88,0
DA:115,0
LF:21
LH:0
BRF:0
BRH:0
end_of_record
TN:
SF:src/components/AlUtaibiV2Module.tsx
FN:16,sanitizeNumericInput
FN:21,(anonymous_1)
FN:22,(anonymous_2)
FN:30,(anonymous_3)
FN:33,(anonymous_4)
FN:79,(anonymous_5)
FN:97,(anonymous_6)
FN:110,(anonymous_7)
FNF:8
FNH:0
FNDA:0,sanitizeNumericInput
FNDA:0,(anonymous_1)
FNDA:0,(anonymous_2)
FNDA:0,(anonymous_3)
FNDA:0,(anonymous_4)
FNDA:0,(anonymous_5)
FNDA:0,(anonymous_6)
FNDA:0,(anonymous_7)
DA:17,0
DA:18,0
DA:21,0
DA:22,0
DA:23,0
DA:24,0
DA:25,0
DA:26,0
DA:27,0
DA:28,0
DA:30,0
DA:31,0
DA:32,0
DA:33,0
DA:34,0
DA:35,0
DA:36,0
DA:37,0
DA:38,0
DA:40,0
DA:41,0
DA:42,0
DA:44,0
DA:47,0
DA:48,0
DA:50,0
DA:54,0
DA:79,0
DA:97,0
DA:110,0
LF:30
LH:0
BRDA:17,0,0,0
BRDA:17,0,1,0
BRDA:40,1,0,0
BRDA:40,1,1,0
BRDA:119,2,0,0
BRDA:119,2,1,0
BRDA:125,3,0,0
BRDA:125,3,1,0
BRDA:139,4,0,0
BRDA:139,4,1,0
BRDA:146,5,0,0
BRDA:146,5,1,0
BRDA:177,6,0,0
BRDA:177,6,1,0
BRDA:184,7,0,0
BRDA:184,7,1,0
BRF:16
BRH:0
end_of_record
TN:
SF:src/components/BlackbodyTab.tsx
FN:7,(anonymous_0)
FN:9,(anonymous_1)
FN:22,(anonymous_2)
FN:29,(anonymous_3)
FN:39,(anonymous_4)
FN:65,(anonymous_5)
FN:76,(anonymous_6)
FN:112,(anonymous_7)
FN:129,(anonymous_8)
FN:131,(anonymous_9)
FN:138,(anonymous_10)
FN:150,(anonymous_11)
FN:158,(anonymous_12)
FN:173,(anonymous_13)
FN:177,(anonymous_14)
FN:181,(anonymous_15)
FN:185,(anonymous_16)
FN:188,(anonymous_17)
FN:188,(anonymous_18)
FN:191,(anonymous_19)
FN:191,(anonymous_20)
FN:194,(anonymous_21)
FN:194,(anonymous_22)
FN:209,(anonymous_23)
FN:215,(anonymous_24)
FN:225,(anonymous_25)
FN:255,(anonymous_26)
FN:256,(anonymous_27)
FNF:28
FNH:0
FNDA:0,(anonymous_0)
FNDA:0,(anonymous_1)
FNDA:0,(anonymous_2)
FNDA:0,(anonymous_3)
FNDA:0,(anonymous_4)
FNDA:0,(anonymous_5)
FNDA:0,(anonymous_6)
FNDA:0,(anonymous_7)
FNDA:0,(anonymous_8)
FNDA:0,(anonymous_9)
FNDA:0,(anonymous_10)
FNDA:0,(anonymous_11)
FNDA:0,(anonymous_12)
FNDA:0,(anonymous_13)
FNDA:0,(anonymous_14)
FNDA:0,(anonymous_15)
FNDA:0,(anonymous_16)
FNDA:0,(anonymous_17)
FNDA:0,(anonymous_18)
FNDA:0,(anonymous_19)
FNDA:0,(anonymous_20)
FNDA:0,(anonymous_21)
FNDA:0,(anonymous_22)
FNDA:0,(anonymous_23)
FNDA:0,(anonymous_24)
FNDA:0,(anonymous_25)
FNDA:0,(anonymous_26)
FNDA:0,(anonymous_27)
DA:7,0
DA:9,0
DA:10,0
DA:11,0
DA:12,0
DA:13,0
DA:14,0
DA:15,0
DA:16,0
DA:17,0
DA:18,0
DA:19,0
DA:20,0
DA:22,0
DA:23,0
DA:24,0
DA:26,0
DA:29,0
DA:31,0
DA:35,0
DA:39,0
DA:40,0
DA:41,0
DA:42,0
DA:43,0
DA:45,0
DA:46,0
DA:48,0
DA:49,0
DA:51,0
DA:52,0
DA:54,0
DA:55,0
DA:57,0
DA:58,0
DA:61,0
DA:65,0
DA:66,0
DA:67,0
DA:72,0
DA:76,0
DA:77,0
DA:78,0
DA:80,0
DA:82,0
DA:95,0
DA:96,0
DA:97,0
DA:98,0
DA:99,0
DA:102,0
DA:104,0
DA:105,0
DA:107,0
DA:108,0
DA:112,0
DA:113,0
DA:114,0
DA:115,0
DA:116,0
DA:117,0
DA:118,0
DA:120,0
DA:123,0
DA:125,0
DA:129,0
DA:130,0
DA:131,0
DA:138,0
DA:139,0
DA:140,0
DA:143,0
DA:150,0
DA:158,0
DA:173,0
DA:177,0
DA:181,0
DA:185,0
DA:188,0
DA:191,0
DA:194,0
DA:209,0
DA:216,0
DA:217,0
DA:226,0
DA:255,0
DA:256,0
LF:87
LH:0
BRDA:24,0,0,0
BRDA:24,0,1,0
BRDA:31,1,0,0
BRDA:31,1,1,0
BRDA:31,1,2,0
BRDA:31,1,3,0
BRDA:31,1,4,0
BRDA:45,2,0,0
BRDA:45,2,1,0
BRDA:45,3,0,0
BRDA:45,3,1,0
BRDA:48,4,0,0
BRDA:48,4,1,0
BRDA:48,5,0,0
BRDA:48,5,1,0
BRDA:51,6,0,0
BRDA:51,6,1,0
BRDA:51,7,0,0
BRDA:51,7,1,0
BRDA:54,8,0,0
BRDA:54,8,1,0
BRDA:57,9,0,0
BRDA:57,9,1,0
BRDA:57,10,0,0
BRDA:57,10,1,0
BRDA:57,10,2,0
BRDA:77,11,0,0
BRDA:77,11,1,0
BRDA:95,12,0,0
BRDA:95,12,1,0
BRDA:96,13,0,0
BRDA:96,13,1,0
BRDA:97,14,0,0
BRDA:97,14,1,0
BRDA:99,15,0,0
BRDA:99,15,1,0
BRDA:102,16,0,0
BRDA:102,16,1,0
BRDA:105,17,0,0
BRDA:105,17,1,0
BRDA:117,18,0,0
BRDA:117,18,1,0
BRDA:123,19,0,0
BRDA:123,19,1,0
BRDA:130,20,0,0
BRDA:130,20,1,0
BRDA:139,21,0,0
BRDA:139,21,1,0
BRDA:149,22,0,0
BRDA:149,22,1,0
BRDA:157,23,0,0
BRDA:157,23,1,0
BRDA:165,24,0,0
BRDA:165,24,1,0
BRDA:188,25,0,0
BRDA:188,25,1,0
BRDA:191,26,0,0
BRDA:191,26,1,0
BRDA:194,27,0,0
BRDA:194,27,1,0
BRDA:201,28,0,0
BRDA:201,28,1,0
BRDA:232,29,0,0
BRDA:232,29,1,0
BRDA:237,30,0,0
BRDA:237,30,1,0
BRDA:239,31,0,0
BRDA:239,31,1,0
BRF:68
BRH:0
end_of_record
TN:
SF:src/components/DashboardV5.tsx
FN:22,(anonymous_0)
FN:23,(anonymous_1)
FN:39,(anonymous_2)
FN:56,(anonymous_3)
FN:66,(anonymous_4)
FN:73,(anonymous_5)
FN:78,(anonymous_6)
FN:106,(anonymous_7)
FN:107,(anonymous_8)
FN:118,(anonymous_9)
FN:119,(anonymous_10)
FN:120,(anonymous_11)
FN:123,(anonymous_12)
FN:126,(anonymous_13)
FN:127,(anonymous_14)
FN:141,(anonymous_15)
FN:148,(anonymous_16)
FN:168,(anonymous_17)
FN:173,(anonymous_18)
FN:187,(anonymous_19)
FN:191,(anonymous_20)
FN:210,(anonymous_21)
FN:214,(anonymous_22)
FN:218,(anonymous_23)
FN:238,(anonymous_24)
FN:265,(anonymous_25)
FN:266,(anonymous_26)
FN:272,(anonymous_27)
FN:275,(anonymous_28)
FN:284,(anonymous_29)
FN:289,(anonymous_30)
FN:303,(anonymous_31)
FN:312,(anonymous_32)
FN:316,(anonymous_33)
FN:325,(anonymous_34)
FN:329,(anonymous_35)
FN:334,(anonymous_36)
FN:336,(anonymous_37)
FN:344,(anonymous_38)
FN:359,(anonymous_39)
FN:362,(anonymous_40)
FN:365,(anonymous_41)
FN:379,(anonymous_42)
FN:427,(anonymous_43)
FN:427,(anonymous_44)
FN:432,(anonymous_45)
FN:434,(anonymous_46)
FN:442,(anonymous_47)
FN:451,(anonymous_48)
FN:462,(anonymous_49)
FN:471,(anonymous_50)
FN:501,(anonymous_51)
FN:526,(anonymous_52)
FN:602,(anonymous_53)
FN:713,(anonymous_54)
FN:728,(anonymous_55)
FN:776,(anonymous_56)
FN:783,(anonymous_57)
FN:809,(anonymous_58)
FN:843,(anonymous_59)
FN:854,(anonymous_60)
FN:873,(anonymous_61)
FN:880,(anonymous_62)
FN:899,(anonymous_63)
FN:921,(anonymous_64)
FN:933,(anonymous_65)
FN:943,(anonymous_66)
FNF:67
FNH:0
FNDA:0,(anonymous_0)
FNDA:0,(anonymous_1)
FNDA:0,(anonymous_2)
FNDA:0,(anonymous_3)
FNDA:0,(anonymous_4)
FNDA:0,(anonymous_5)
FNDA:0,(anonymous_6)
FNDA:0,(anonymous_7)
FNDA:0,(anonymous_8)
FNDA:0,(anonymous_9)
FNDA:0,(anonymous_10)
FNDA:0,(anonymous_11)
FNDA:0,(anonymous_12)
FNDA:0,(anonymous_13)
FNDA:0,(anonymous_14)
FNDA:0,(anonymous_15)
FNDA:0,(anonymous_16)
FNDA:0,(anonymous_17)
FNDA:0,(anonymous_18)
FNDA:0,(anonymous_19)
FNDA:0,(anonymous_20)
FNDA:0,(anonymous_21)
FNDA:0,(anonymous_22)
FNDA:0,(anonymous_23)
FNDA:0,(anonymous_24)
FNDA:0,(anonymous_25)
FNDA:0,(anonymous_26)
FNDA:0,(anonymous_27)
FNDA:0,(anonymous_28)
FNDA:0,(anonymous_29)
FNDA:0,(anonymous_30)
FNDA:0,(anonymous_31)
FNDA:0,(anonymous_32)
FNDA:0,(anonymous_33)
FNDA:0,(anonymous_34)
FNDA:0,(anonymous_35)
FNDA:0,(anonymous_36)
FNDA:0,(anonymous_37)
FNDA:0,(anonymous_38)
FNDA:0,(anonymous_39)
FNDA:0,(anonymous_40)
FNDA:0,(anonymous_41)
FNDA:0,(anonymous_42)
FNDA:0,(anonymous_43)
FNDA:0,(anonymous_44)
FNDA:0,(anonymous_45)
FNDA:0,(anonymous_46)
FNDA:0,(anonymous_47)
FNDA:0,(anonymous_48)
FNDA:0,(anonymous_49)
FNDA:0,(anonymous_50)
FNDA:0,(anonymous_51)
FNDA:0,(anonymous_52)
FNDA:0,(anonymous_53)
FNDA:0,(anonymous_54)
FNDA:0,(anonymous_55)
FNDA:0,(anonymous_56)
FNDA:0,(anonymous_57)
FNDA:0,(anonymous_58)
FNDA:0,(anonymous_59)
FNDA:0,(anonymous_60)
FNDA:0,(anonymous_61)
FNDA:0,(anonymous_62)
FNDA:0,(anonymous_63)
FNDA:0,(anonymous_64)
FNDA:0,(anonymous_65)
FNDA:0,(anonymous_66)
DA:18,0
DA:19,0
DA:22,0
DA:23,0
DA:39,0
DA:46,0
DA:49,0
DA:50,0
DA:51,0
DA:56,0
DA:57,0
DA:58,0
DA:59,0
DA:61,0
DA:62,0
DA:63,0
DA:64,0
DA:65,0
DA:66,0
DA:67,0
DA:68,0
DA:70,0
DA:73,0
DA:74,0
DA:75,0
DA:76,0
DA:78,0
DA:79,0
DA:80,0
DA:81,0
DA:82,0
DA:83,0
DA:85,0
DA:86,0
DA:87,0
DA:88,0
DA:89,0
DA:91,0
DA:100,0
DA:101,0
DA:102,0
DA:103,0
DA:104,0
DA:106,0
DA:107,0
DA:108,0
DA:109,0
DA:110,0
DA:112,0
DA:113,0
DA:114,0
DA:115,0
DA:118,0
DA:119,0
DA:120,0
DA:123,0
DA:124,0
DA:125,0
DA:126,0
DA:127,0
DA:128,0
DA:129,0
DA:130,0
DA:131,0
DA:133,0
DA:134,0
DA:136,0
DA:138,0
DA:141,0
DA:142,0
DA:143,0
DA:144,0
DA:148,0
DA:149,0
DA:150,0
DA:151,0
DA:152,0
DA:153,0
DA:154,0
DA:155,0
DA:156,0
DA:158,0
DA:159,0
DA:161,0
DA:162,0
DA:164,0
DA:168,0
DA:169,0
DA:170,0
DA:173,0
DA:174,0
DA:176,0
DA:183,0
DA:184,0
DA:187,0
DA:188,0
DA:191,0
DA:192,0
DA:199,0
DA:200,0
DA:201,0
DA:202,0
DA:203,0
DA:204,0
DA:206,0
DA:207,0
DA:210,0
DA:211,0
DA:214,0
DA:215,0
DA:218,0
DA:219,0
DA:220,0
DA:221,0
DA:222,0
DA:225,0
DA:231,0
DA:237,0
DA:238,0
DA:239,0
DA:240,0
DA:243,0
DA:244,0
DA:245,0
DA:248,0
DA:249,0
DA:251,0
DA:252,0
DA:254,0
DA:255,0
DA:256,0
DA:258,0
DA:260,0
DA:261,0
DA:265,0
DA:266,0
DA:267,0
DA:268,0
DA:269,0
DA:271,0
DA:272,0
DA:275,0
DA:276,0
DA:277,0
DA:278,0
DA:282,0
DA:284,0
DA:285,0
DA:286,0
DA:289,0
DA:290,0
DA:291,0
DA:292,0
DA:293,0
DA:294,0
DA:295,0
DA:296,0
DA:297,0
DA:298,0
DA:299,0
DA:300,0
DA:303,0
DA:304,0
DA:305,0
DA:308,0
DA:309,0
DA:310,0
DA:312,0
DA:313,0
DA:314,0
DA:315,0
DA:316,0
DA:317,0
DA:321,0
DA:322,0
DA:323,0
DA:325,0
DA:326,0
DA:327,0
DA:328,0
DA:329,0
DA:330,0
DA:334,0
DA:335,0
DA:336,0
DA:337,0
DA:338,0
DA:339,0
DA:340,0
DA:344,0
DA:345,0
DA:346,0
DA:347,0
DA:348,0
DA:349,0
DA:350,0
DA:351,0
DA:353,0
DA:354,0
DA:355,0
DA:358,0
DA:359,0
DA:362,0
DA:363,0
DA:364,0
DA:365,0
DA:366,0
DA:367,0
DA:368,0
DA:369,0
DA:370,0
DA:372,0
DA:373,0
DA:374,0
DA:379,0
DA:386,0
DA:427,0
DA:433,0
DA:434,0
DA:442,0
DA:451,0
DA:462,0
DA:471,0
DA:502,0
DA:527,0
DA:528,0
DA:603,0
DA:604,0
DA:714,0
DA:729,0
DA:776,0
DA:783,0
DA:809,0
DA:844,0
DA:845,0
DA:855,0
DA:856,0
DA:857,0
DA:873,0
DA:880,0
DA:899,0
DA:922,0
DA:923,0
DA:924,0
DA:934,0
DA:935,0
DA:936,0
DA:943,0
LF:248
LH:0
BRDA:58,0,0,0
BRDA:58,0,1,0
BRDA:58,1,0,0
BRDA:58,1,1,0
BRDA:58,1,2,0
BRDA:58,1,3,0
BRDA:75,2,0,0
BRDA:75,2,1,0
BRDA:75,3,0,0
BRDA:75,3,1,0
BRDA:76,4,0,0
BRDA:76,4,1,0
BRDA:81,5,0,0
BRDA:81,5,1,0
BRDA:81,6,0,0
BRDA:81,6,1,0
BRDA:86,7,0,0
BRDA:86,7,1,0
BRDA:86,8,0,0
BRDA:86,8,1,0
BRDA:87,9,0,0
BRDA:87,9,1,0
BRDA:109,10,0,0
BRDA:109,10,1,0
BRDA:110,11,0,0
BRDA:110,11,1,0
BRDA:112,12,0,0
BRDA:112,12,1,0
BRDA:113,13,0,0
BRDA:113,13,1,0
BRDA:114,14,0,0
BRDA:114,14,1,0
BRDA:129,15,0,0
BRDA:129,15,1,0
BRDA:130,16,0,0
BRDA:130,16,1,0
BRDA:134,17,0,0
BRDA:134,17,1,0
BRDA:134,18,0,0
BRDA:134,18,1,0
BRDA:136,19,0,0
BRDA:136,19,1,0
BRDA:152,20,0,0
BRDA:152,20,1,0
BRDA:154,21,0,0
BRDA:154,21,1,0
BRDA:156,22,0,0
BRDA:156,22,1,0
BRDA:162,23,0,0
BRDA:162,23,1,0
BRDA:176,24,0,0
BRDA:176,24,1,0
BRDA:178,25,0,0
BRDA:178,25,1,0
BRDA:180,26,0,0
BRDA:180,26,1,0
BRDA:191,27,0,0
BRDA:203,28,0,0
BRDA:203,28,1,0
BRDA:204,29,0,0
BRDA:204,29,1,0
BRDA:267,30,0,0
BRDA:267,30,1,0
BRDA:267,31,0,0
BRDA:267,31,1,0
BRDA:268,32,0,0
BRDA:268,32,1,0
BRDA:268,33,0,0
BRDA:268,33,1,0
BRDA:269,34,0,0
BRDA:269,34,1,0
BRDA:269,35,0,0
BRDA:269,35,1,0
BRDA:269,35,2,0
BRDA:276,36,0,0
BRDA:276,36,1,0
BRDA:282,37,0,0
BRDA:282,37,1,0
BRDA:291,38,0,0
BRDA:291,38,1,0
BRDA:313,39,0,0
BRDA:313,39,1,0
BRDA:326,40,0,0
BRDA:326,40,1,0
BRDA:335,41,0,0
BRDA:335,41,1,0
BRDA:337,42,0,0
BRDA:337,42,1,0
BRDA:339,43,0,0
BRDA:339,43,1,0
BRDA:344,44,0,0
BRDA:344,44,1,0
BRDA:345,45,0,0
BRDA:345,45,1,0
BRDA:349,46,0,0
BRDA:349,46,1,0
BRDA:349,47,0,0
BRDA:349,47,1,0
BRDA:353,48,0,0
BRDA:353,48,1,0
BRDA:353,49,0,0
BRDA:353,49,1,0
BRDA:403,50,0,0
BRDA:403,50,1,0
BRDA:408,51,0,0
BRDA:408,51,1,0
BRDA:408,52,0,0
BRDA:408,52,1,0
BRDA:410,53,0,0
BRDA:410,53,1,0
BRDA:410,54,0,0
BRDA:410,54,1,0
BRDA:433,55,0,0
BRDA:433,55,1,0
BRDA:434,56,0,0
BRDA:434,56,1,0
BRDA:437,57,0,0
BRDA:437,57,1,0
BRDA:438,58,0,0
BRDA:438,58,1,0
BRDA:440,59,0,0
BRDA:440,59,1,0
BRDA:458,60,0,0
BRDA:458,60,1,0
BRDA:466,61,0,0
BRDA:466,61,1,0
BRDA:521,62,0,0
BRDA:521,62,1,0
BRDA:556,63,0,0
BRDA:556,63,1,0
BRDA:556,64,0,0
BRDA:556,64,1,0
BRDA:557,65,0,0
BRDA:557,65,1,0
BRDA:557,66,0,0
BRDA:557,66,1,0
BRDA:579,67,0,0
BRDA:579,67,1,0
BRDA:597,68,0,0
BRDA:597,68,1,0
BRDA:641,69,0,0
BRDA:641,69,1,0
BRDA:694,70,0,0
BRDA:694,70,1,0
BRDA:697,71,0,0
BRDA:697,71,1,0
BRDA:701,72,0,0
BRDA:701,72,1,0
BRDA:707,73,0,0
BRDA:707,73,1,0
BRDA:709,74,0,0
BRDA:709,74,1,0
BRDA:722,75,0,0
BRDA:722,75,1,0
BRDA:753,76,0,0
BRDA:753,76,1,0
BRDA:753,77,0,0
BRDA:753,77,1,0
BRDA:754,78,0,0
BRDA:754,78,1,0
BRDA:775,79,0,0
BRDA:775,79,1,0
BRDA:872,80,0,0
BRDA:872,80,1,0
BRDA:915,81,0,0
BRDA:915,81,1,0
BRF:166
BRH:0
end_of_record
TN:
SF:src/components/GroverSearchModule.tsx
FN:15,clampTarget
FN:19,(anonymous_1)
FN:31,(anonymous_2)
FN:33,(anonymous_3)
FN:40,(anonymous_4)
FN:54,(anonymous_5)
FN:58,(anonymous_6)
FN:62,(anonymous_7)
FN:71,(anonymous_8)
FN:75,(anonymous_9)
FN:82,(anonymous_10)
FN:85,(anonymous_11)
FN:130,(anonymous_12)
FN:156,(anonymous_13)
FN:253,(anonymous_14)
FN:267,(anonymous_15)
FN:271,(anonymous_16)
FN:274,(anonymous_17)
FNF:18
FNH:0
FNDA:0,clampTarget
FNDA:0,(anonymous_1)
FNDA:0,(anonymous_2)
FNDA:0,(anonymous_3)
FNDA:0,(anonymous_4)
FNDA:0,(anonymous_5)
FNDA:0,(anonymous_6)
FNDA:0,(anonymous_7)
FNDA:0,(anonymous_8)
FNDA:0,(anonymous_9)
FNDA:0,(anonymous_10)
FNDA:0,(anonymous_11)
FNDA:0,(anonymous_12)
FNDA:0,(anonymous_13)
FNDA:0,(anonymous_14)
FNDA:0,(anonymous_15)
FNDA:0,(anonymous_16)
FNDA:0,(anonymous_17)
DA:16,0
DA:19,0
DA:20,0
DA:21,0
DA:22,0
DA:23,0
DA:24,0
DA:25,0
DA:29,0
DA:31,0
DA:32,0
DA:33,0
DA:37,0
DA:40,0
DA:41,0
DA:42,0
DA:43,0
DA:44,0
DA:45,0
DA:46,0
DA:47,0
DA:48,0
DA:50,0
DA:54,0
DA:55,0
DA:58,0
DA:59,0
DA:60,0
DA:61,0
DA:62,0
DA:63,0
DA:65,0
DA:66,0
DA:71,0
DA:72,0
DA:75,0
DA:76,0
DA:77,0
DA:78,0
DA:79,0
DA:80,0
DA:82,0
DA:83,0
DA:85,0
DA:88,0
DA:89,0
DA:91,0
DA:131,0
DA:132,0
DA:133,0
DA:157,0
DA:158,0
DA:253,0
DA:267,0
DA:271,0
DA:275,0
LF:56
LH:0
BRDA:59,0,0,0
BRDA:59,0,1,0
BRDA:76,1,0,0
BRDA:76,1,1,0
BRDA:76,2,0,0
BRDA:76,2,1,0
BRDA:78,3,0,0
BRDA:78,3,1,0
BRDA:88,4,0,0
BRDA:88,4,1,0
BRDA:89,5,0,0
BRDA:89,5,1,0
BRDA:109,6,0,0
BRDA:109,6,1,0
BRDA:184,7,0,0
BRDA:184,7,1,0
BRDA:193,8,0,0
BRDA:193,8,1,0
BRDA:232,9,0,0
BRDA:232,9,1,0
BRDA:253,10,0,0
BRDA:253,10,1,0
BRDA:277,11,0,0
BRDA:277,11,1,0
BRDA:278,12,0,0
BRDA:278,12,1,0
BRDA:286,13,0,0
BRDA:286,13,1,0
BRDA:286,13,2,0
BRF:29
BRH:0
end_of_record
TN:
SF:src/components/NeuroCustomization.tsx
FN:12,(anonymous_0)
FN:20,(anonymous_1)
FN:42,(anonymous_2)
FN:68,(anonymous_3)
FN:75,(anonymous_4)
FNF:5
FNH:0
FNDA:0,(anonymous_0)
FNDA:0,(anonymous_1)
FNDA:0,(anonymous_2)
FNDA:0,(anonymous_3)
FNDA:0,(anonymous_4)
DA:12,0
DA:13,0
DA:20,0
DA:21,0
DA:22,0
DA:24,0
DA:31,0
DA:32,0
DA:35,0
DA:42,0
DA:69,0
DA:70,0
DA:75,0
LF:13
LH:0
BRDA:24,0,0,0
BRDA:24,0,1,0
BRDA:26,1,0,0
BRDA:26,1,1,0
BRDA:28,2,0,0
BRDA:28,2,1,0
BRDA:74,3,0,0
BRDA:74,3,1,0
BRDA:82,4,0,0
BRDA:82,4,1,0
BRF:10
BRH:0
end_of_record
TN:
SF:src/components/ProblemConfig.tsx
FN:14,(anonymous_0)
FN:50,(anonymous_1)
FN:57,(anonymous_2)
FN:92,(anonymous_3)
FN:110,(anonymous_4)
FNF:5
FNH:0
FNDA:0,(anonymous_0)
FNDA:0,(anonymous_1)
FNDA:0,(anonymous_2)
FNDA:0,(anonymous_3)
FNDA:0,(anonymous_4)
DA:14,0
DA:22,0
DA:31,0
DA:51,0
DA:52,0
DA:53,0
DA:57,0
DA:92,0
DA:110,0
LF:9
LH:0
BRDA:45,0,0,0
BRDA:45,0,1,0
BRDA:59,1,0,0
BRDA:59,1,1,0
BRDA:77,2,0,0
BRDA:77,2,1,0
BRDA:100,3,0,0
BRDA:100,3,1,0
BRDA:109,4,0,0
BRDA:109,4,1,0
BRF:10
BRH:0
end_of_record
TN:
SF:src/components/QuantumCryptoModule.tsx
FN:8,(anonymous_0)
FN:9,(anonymous_1)
FN:13,(anonymous_2)
FN:114,(anonymous_3)
FNF:4
FNH:0
FNDA:0,(anonymous_0)
FNDA:0,(anonymous_1)
FNDA:0,(anonymous_2)
FNDA:0,(anonymous_3)
DA:8,0
DA:9,0
DA:10,0
DA:11,0
DA:13,0
DA:14,0
DA:15,0
DA:18,0
DA:114,0
LF:9
LH:0
BRDA:47,0,0,0
BRDA:47,0,1,0
BRDA:52,1,0,0
BRDA:52,1,1,0
BRDA:64,2,0,0
BRDA:64,2,1,0
BRDA:78,3,0,0
BRDA:78,3,1,0
BRDA:89,4,0,0
BRDA:89,4,1,0
BRF:10
BRH:0
end_of_record
TN:
SF:src/components/QuantumDrugDiscovery.tsx
FN:9,(anonymous_0)
FN:15,(anonymous_1)
FN:23,(anonymous_2)
FN:30,(anonymous_3)
FN:37,(anonymous_4)
FN:43,(anonymous_5)
FN:60,(anonymous_6)
FN:64,(anonymous_7)
FN:71,(anonymous_8)
FN:80,(anonymous_9)
FN:117,(anonymous_10)
FNF:11
FNH:0
FNDA:0,(anonymous_0)
FNDA:0,(anonymous_1)
FNDA:0,(anonymous_2)
FNDA:0,(anonymous_3)
FNDA:0,(anonymous_4)
FNDA:0,(anonymous_5)
FNDA:0,(anonymous_6)
FNDA:0,(anonymous_7)
FNDA:0,(anonymous_8)
FNDA:0,(anonymous_9)
FNDA:0,(anonymous_10)
DA:10,0
DA:11,0
DA:12,0
DA:16,0
DA:17,0
DA:18,0
DA:20,0
DA:24,0
DA:25,0
DA:26,0
DA:27,0
DA:28,0
DA:30,0
DA:31,0
DA:32,0
DA:33,0
DA:37,0
DA:38,0
DA:39,0
DA:40,0
DA:41,0
DA:43,0
DA:44,0
DA:45,0
DA:46,0
DA:47,0
DA:48,0
DA:50,0
DA:55,0
DA:57,0
DA:58,0
DA:60,0
DA:61,0
DA:62,0
DA:64,0
DA:65,0
DA:67,0
DA:68,0
DA:70,0
DA:71,0
DA:77,0
DA:78,0
DA:79,0
DA:80,0
DA:88,0
DA:118,0
LF:46
LH:0
BRDA:44,0,0,0
BRDA:44,0,1,0
BRDA:70,1,0,0
BRDA:70,1,1,0
BRDA:77,2,0,0
BRDA:77,2,1,0
BRDA:101,3,0,0
BRDA:101,3,1,0
BRDA:112,4,0,0
BRDA:112,4,1,0
BRDA:129,5,0,0
BRDA:129,5,1,0
BRDA:144,6,0,0
BRDA:144,6,1,0
BRDA:168,7,0,0
BRDA:168,7,1,0
BRDA:173,8,0,0
BRDA:173,8,1,0
BRF:18
BRH:0
end_of_record
TN:
SF:src/components/QuantumNeuralNetworkModule.tsx
FN:14,(anonymous_0)
FN:25,(anonymous_1)
FN:54,(anonymous_2)
FN:64,(anonymous_3)
FN:212,(anonymous_4)
FN:232,(anonymous_5)
FN:252,(anonymous_6)
FNF:7
FNH:0
FNDA:0,(anonymous_0)
FNDA:0,(anonymous_1)
FNDA:0,(anonymous_2)
FNDA:0,(anonymous_3)
FNDA:0,(anonymous_4)
FNDA:0,(anonymous_5)
FNDA:0,(anonymous_6)
DA:14,0
DA:15,0
DA:16,0
DA:17,0
DA:18,0
DA:19,0
DA:20,0
DA:23,0
DA:25,0
DA:26,0
DA:27,0
DA:28,0
DA:29,0
DA:32,0
DA:34,0
DA:35,0
DA:38,0
DA:39,0
DA:42,0
DA:43,0
DA:46,0
DA:47,0
DA:50,0
DA:51,0
DA:54,0
DA:55,0
DA:56,0
DA:57,0
DA:58,0
DA:60,0
DA:62,0
DA:66,0
DA:67,0
DA:68,0
DA:73,0
DA:74,0
DA:77,0
DA:212,0
DA:232,0
DA:252,0
LF:40
LH:0
BRDA:26,0,0,0
BRDA:26,0,1,0
BRDA:34,1,0,0
BRDA:34,1,1,0
BRDA:34,2,0,0
BRDA:34,2,1,0
BRDA:42,3,0,0
BRDA:42,3,1,0
BRDA:55,4,0,0
BRDA:55,4,1,0
BRDA:67,5,0,0
BRDA:67,5,1,0
BRDA:67,6,0,0
BRDA:67,6,1,0
BRDA:97,7,0,0
BRDA:97,7,1,0
BRDA:112,8,0,0
BRDA:112,8,1,0
BRDA:123,9,0,0
BRDA:123,9,1,0
BRDA:133,10,0,0
BRDA:133,10,1,0
BRDA:256,11,0,0
BRDA:256,11,1,0
BRDA:266,12,0,0
BRDA:266,12,1,0
BRDA:268,13,0,0
BRDA:268,13,1,0
BRDA:268,14,0,0
BRDA:268,14,1,0
BRDA:273,15,0,0
BRDA:273,15,1,0
BRF:32
BRH:0
end_of_record
TN:
SF:src/components/QuantumNeuralOverlay.tsx
FN:10,(anonymous_0)
FN:22,(anonymous_1)
FN:30,(anonymous_2)
FN:31,(anonymous_3)
FN:39,(anonymous_4)
FN:45,(anonymous_5)
FN:80,(anonymous_6)
FN:107,(anonymous_7)
FN:123,(anonymous_8)
FNF:9
FNH:0
FNDA:0,(anonymous_0)
FNDA:0,(anonymous_1)
FNDA:0,(anonymous_2)
FNDA:0,(anonymous_3)
FNDA:0,(anonymous_4)
FNDA:0,(anonymous_5)
FNDA:0,(anonymous_6)
FNDA:0,(anonymous_7)
FNDA:0,(anonymous_8)
DA:10,0
DA:11,0
DA:12,0
DA:13,0
DA:14,0
DA:16,0
DA:22,0
DA:23,0
DA:24,0
DA:30,0
DA:31,0
DA:32,0
DA:33,0
DA:39,0
DA:41,0
DA:42,0
DA:43,0
DA:45,0
DA:46,0
DA:47,0
DA:51,0
DA:53,0
DA:80,0
DA:108,0
DA:124,0
LF:25
LH:0
BRDA:32,0,0,0
BRDA:32,0,1,0
BRDA:41,1,0,0
BRDA:41,1,1,0
BRDA:51,2,0,0
BRDA:51,2,1,0
BRDA:60,3,0,0
BRDA:60,3,1,0
BRDA:95,4,0,0
BRDA:95,4,1,0
BRDA:96,5,0,0
BRDA:96,5,1,0
BRDA:97,6,0,0
BRDA:97,6,1,0
BRF:14
BRH:0
end_of_record
TN:
SF:src/components/ResultsDisplay.tsx
FN:15,(anonymous_0)
FN:21,(anonymous_1)
FN:30,(anonymous_2)
FN:36,(anonymous_3)
FNF:4
FNH:0
FNDA:0,(anonymous_0)
FNDA:0,(anonymous_1)
FNDA:0,(anonymous_2)
FNDA:0,(anonymous_3)
DA:15,0
DA:16,0
DA:17,0
DA:18,0
DA:21,0
DA:27,0
DA:28,0
DA:30,0
DA:31,0
DA:32,0
DA:33,0
DA:34,0
DA:36,0
DA:42,0
DA:43,0
DA:44,0
DA:45,0
DA:46,0
DA:47,0
DA:48,0
DA:49,0
DA:50,0
DA:54,0
LF:23
LH:0
BRDA:27,0,0,0
BRDA:27,0,1,0
BRDA:28,1,0,0
BRDA:28,1,1,0
BRDA:32,2,0,0
BRDA:32,2,1,0
BRDA:37,3,0,0
BRDA:37,3,1,0
BRDA:38,4,0,0
BRDA:38,4,1,0
BRDA:39,5,0,0
BRDA:39,5,1,0
BRDA:56,6,0,0
BRDA:56,6,1,0
BRDA:59,7,0,0
BRDA:59,7,1,0
BRDA:60,8,0,0
BRDA:60,8,1,0
BRDA:75,9,0,0
BRDA:75,9,1,0
BRDA:130,10,0,0
BRDA:130,10,1,0
BRDA:143,11,0,0
BRDA:143,11,1,0
BRDA:146,12,0,0
BRDA:146,12,1,0
BRDA:147,13,0,0
BRDA:147,13,1,0
BRDA:149,14,0,0
BRDA:149,14,1,0
BRDA:154,15,0,0
BRDA:154,15,1,0
BRF:32
BRH:0
end_of_record
TN:
SF:src/components/SovereignDashboard.tsx
FN:4,(anonymous_0)
FNF:1
FNH:0
FNDA:0,(anonymous_0)
DA:4,0
DA:5,0
DA:120,0
LF:3
LH:0
BRF:0
BRH:0
end_of_record
TN:
SF:src/components/StrategicPlatform.tsx
FN:9,(anonymous_0)
FN:10,(anonymous_1)
FN:11,(anonymous_2)
FN:12,(anonymous_3)
FN:13,(anonymous_4)
FN:14,(anonymous_5)
FN:15,(anonymous_6)
FN:16,(anonymous_7)
FN:18,(anonymous_8)
FN:26,(anonymous_9)
FNF:10
FNH:0
FNDA:0,(anonymous_0)
FNDA:0,(anonymous_1)
FNDA:0,(anonymous_2)
FNDA:0,(anonymous_3)
FNDA:0,(anonymous_4)
FNDA:0,(anonymous_5)
FNDA:0,(anonymous_6)
FNDA:0,(anonymous_7)
FNDA:0,(anonymous_8)
FNDA:0,(anonymous_9)
DA:9,0
DA:10,0
DA:11,0
DA:12,0
DA:13,0
DA:14,0
DA:15,0
DA:16,0
DA:18,0
DA:19,0
DA:26,0
DA:27,0
LF:12
LH:0
BRF:0
BRH:0
end_of_record
TN:
SF:src/components/TopologicalQECVisualizer.tsx
FN:5,(anonymous_0)
FN:13,(anonymous_1)
FN:21,(anonymous_2)
FN:30,(anonymous_3)
FN:32,(anonymous_4)
FN:35,(anonymous_5)
FN:38,(anonymous_6)
FN:41,(anonymous_7)
FN:110,(anonymous_8)
FN:111,(anonymous_9)
FN:142,(anonymous_10)
FNF:11
FNH:0
FNDA:0,(anonymous_0)
FNDA:0,(anonymous_1)
FNDA:0,(anonymous_2)
FNDA:0,(anonymous_3)
FNDA:0,(anonymous_4)
FNDA:0,(anonymous_5)
FNDA:0,(anonymous_6)
FNDA:0,(anonymous_7)
FNDA:0,(anonymous_8)
FNDA:0,(anonymous_9)
FNDA:0,(anonymous_10)
DA:5,0
DA:6,0
DA:7,0
DA:8,0
DA:9,0
DA:10,0
DA:11,0
DA:13,0
DA:14,0
DA:15,0
DA:16,0
DA:18,0
DA:21,0
DA:22,0
DA:23,0
DA:24,0
DA:25,0
DA:26,0
DA:27,0
DA:30,0
DA:31,0
DA:32,0
DA:35,0
DA:36,0
DA:37,0
DA:38,0
DA:39,0
DA:40,0
DA:41,0
DA:49,0
DA:111,0
DA:112,0
DA:142,0
LF:33
LH:0
BRDA:14,0,0,0
BRDA:14,0,1,0
BRDA:36,1,0,0
BRDA:36,1,1,0
BRDA:36,2,0,0
BRDA:36,2,1,0
BRDA:62,3,0,0
BRDA:62,3,1,0
BRDA:64,4,0,0
BRDA:64,4,1,0
BRDA:69,5,0,0
BRDA:69,5,1,0
BRDA:115,6,0,0
BRDA:115,6,1,0
BRDA:117,7,0,0
BRDA:117,7,1,0
BRF:16
BRH:0
end_of_record
TN:
SF:src/components/UnifiedQuantumPlatform.tsx
FN:30,(anonymous_0)
FN:31,(anonymous_1)
FN:34,(anonymous_2)
FN:35,(anonymous_3)
FN:36,(anonymous_4)
FN:37,(anonymous_5)
FN:38,(anonymous_6)
FN:39,(anonymous_7)
FN:40,(anonymous_8)
FN:41,(anonymous_9)
FN:70,(anonymous_10)
FN:77,(anonymous_11)
FN:91,(anonymous_12)
FN:101,(anonymous_13)
FN:104,(anonymous_14)
FN:109,(anonymous_15)
FN:137,(anonymous_16)
FN:138,(anonymous_17)
FN:149,(anonymous_18)
FN:150,(anonymous_19)
FN:151,(anonymous_20)
FN:154,(anonymous_21)
FN:157,(anonymous_22)
FN:158,(anonymous_23)
FN:166,(anonymous_24)
FN:169,(anonymous_25)
FN:184,(anonymous_26)
FN:189,(anonymous_27)
FN:199,(anonymous_28)
FN:201,(anonymous_29)
FN:211,(anonymous_30)
FN:212,(anonymous_31)
FN:214,(anonymous_32)
FN:230,(anonymous_33)
FN:254,(anonymous_34)
FN:255,(anonymous_35)
FN:261,(anonymous_36)
FN:264,(anonymous_37)
FN:270,(anonymous_38)
FN:272,(anonymous_39)
FN:286,(anonymous_40)
FN:291,(anonymous_41)
FN:294,(anonymous_42)
FN:316,(anonymous_43)
FN:320,(anonymous_44)
FN:323,(anonymous_45)
FN:327,(anonymous_46)
FN:330,(anonymous_47)
FN:332,(anonymous_48)
FN:340,(anonymous_49)
FN:349,(anonymous_50)
FN:397,(anonymous_51)
FN:397,(anonymous_52)
FN:402,(anonymous_53)
FN:404,(anonymous_54)
FN:412,(anonymous_55)
FN:421,(anonymous_56)
FN:432,(anonymous_57)
FN:437,(anonymous_58)
FN:445,(anonymous_59)
FN:445,(anonymous_60)
FN:453,(anonymous_61)
FN:462,(anonymous_62)
FN:540,(anonymous_63)
FN:634,(anonymous_64)
FN:646,(anonymous_65)
FN:731,(anonymous_66)
FN:826,(anonymous_67)
FN:833,(anonymous_68)
FN:848,(anonymous_69)
FN:884,(anonymous_70)
FN:895,(anonymous_71)
FN:914,(anonymous_72)
FN:921,(anonymous_73)
FN:936,(anonymous_74)
FN:953,(anonymous_75)
FN:956,(anonymous_76)
FN:959,(anonymous_77)
FNF:78
FNH:0
FNDA:0,(anonymous_0)
FNDA:0,(anonymous_1)
FNDA:0,(anonymous_2)
FNDA:0,(anonymous_3)
FNDA:0,(anonymous_4)
FNDA:0,(anonymous_5)
FNDA:0,(anonymous_6)
FNDA:0,(anonymous_7)
FNDA:0,(anonymous_8)
FNDA:0,(anonymous_9)
FNDA:0,(anonymous_10)
FNDA:0,(anonymous_11)
FNDA:0,(anonymous_12)
FNDA:0,(anonymous_13)
FNDA:0,(anonymous_14)
FNDA:0,(anonymous_15)
FNDA:0,(anonymous_16)
FNDA:0,(anonymous_17)
FNDA:0,(anonymous_18)
FNDA:0,(anonymous_19)
FNDA:0,(anonymous_20)
FNDA:0,(anonymous_21)
FNDA:0,(anonymous_22)
FNDA:0,(anonymous_23)
FNDA:0,(anonymous_24)
FNDA:0,(anonymous_25)
FNDA:0,(anonymous_26)
FNDA:0,(anonymous_27)
FNDA:0,(anonymous_28)
FNDA:0,(anonymous_29)
FNDA:0,(anonymous_30)
FNDA:0,(anonymous_31)
FNDA:0,(anonymous_32)
FNDA:0,(anonymous_33)
FNDA:0,(anonymous_34)
FNDA:0,(anonymous_35)
FNDA:0,(anonymous_36)
FNDA:0,(anonymous_37)
FNDA:0,(anonymous_38)
FNDA:0,(anonymous_39)
FNDA:0,(anonymous_40)
FNDA:0,(anonymous_41)
FNDA:0,(anonymous_42)
FNDA:0,(anonymous_43)
FNDA:0,(anonymous_44)
FNDA:0,(anonymous_45)
FNDA:0,(anonymous_46)
FNDA:0,(anonymous_47)
FNDA:0,(anonymous_48)
FNDA:0,(anonymous_49)
FNDA:0,(anonymous_50)
FNDA:0,(anonymous_51)
FNDA:0,(anonymous_52)
FNDA:0,(anonymous_53)
FNDA:0,(anonymous_54)
FNDA:0,(anonymous_55)
FNDA:0,(anonymous_56)
FNDA:0,(anonymous_57)
FNDA:0,(anonymous_58)
FNDA:0,(anonymous_59)
FNDA:0,(anonymous_60)
FNDA:0,(anonymous_61)
FNDA:0,(anonymous_62)
FNDA:0,(anonymous_63)
FNDA:0,(anonymous_64)
FNDA:0,(anonymous_65)
FNDA:0,(anonymous_66)
FNDA:0,(anonymous_67)
FNDA:0,(anonymous_68)
FNDA:0,(anonymous_69)
FNDA:0,(anonymous_70)
FNDA:0,(anonymous_71)
FNDA:0,(anonymous_72)
FNDA:0,(anonymous_73)
FNDA:0,(anonymous_74)
FNDA:0,(anonymous_75)
FNDA:0,(anonymous_76)
FNDA:0,(anonymous_77)
DA:30,0
DA:31,0
DA:34,0
DA:35,0
DA:36,0
DA:37,0
DA:38,0
DA:39,0
DA:40,0
DA:41,0
DA:44,0
DA:45,0
DA:63,0
DA:70,0
DA:71,0
DA:77,0
DA:80,0
DA:83,0
DA:84,0
DA:85,0
DA:86,0
DA:91,0
DA:92,0
DA:93,0
DA:94,0
DA:96,0
DA:97,0
DA:98,0
DA:99,0
DA:100,0
DA:101,0
DA:102,0
DA:104,0
DA:105,0
DA:106,0
DA:107,0
DA:109,0
DA:110,0
DA:111,0
DA:112,0
DA:113,0
DA:114,0
DA:116,0
DA:117,0
DA:118,0
DA:119,0
DA:120,0
DA:122,0
DA:130,0
DA:131,0
DA:132,0
DA:133,0
DA:134,0
DA:135,0
DA:137,0
DA:138,0
DA:139,0
DA:140,0
DA:141,0
DA:143,0
DA:144,0
DA:145,0
DA:146,0
DA:149,0
DA:150,0
DA:151,0
DA:154,0
DA:155,0
DA:156,0
DA:157,0
DA:158,0
DA:159,0
DA:160,0
DA:161,0
DA:162,0
DA:163,0
DA:164,0
DA:166,0
DA:169,0
DA:170,0
DA:171,0
DA:172,0
DA:173,0
DA:174,0
DA:175,0
DA:176,0
DA:177,0
DA:179,0
DA:180,0
DA:181,0
DA:184,0
DA:185,0
DA:186,0
DA:189,0
DA:190,0
DA:192,0
DA:195,0
DA:196,0
DA:199,0
DA:201,0
DA:202,0
DA:203,0
DA:204,0
DA:205,0
DA:206,0
DA:207,0
DA:208,0
DA:211,0
DA:212,0
DA:214,0
DA:215,0
DA:216,0
DA:217,0
DA:218,0
DA:220,0
DA:224,0
DA:229,0
DA:230,0
DA:231,0
DA:232,0
DA:235,0
DA:236,0
DA:237,0
DA:239,0
DA:240,0
DA:241,0
DA:242,0
DA:244,0
DA:245,0
DA:247,0
DA:249,0
DA:250,0
DA:254,0
DA:255,0
DA:256,0
DA:257,0
DA:258,0
DA:260,0
DA:261,0
DA:264,0
DA:265,0
DA:268,0
DA:270,0
DA:272,0
DA:273,0
DA:274,0
DA:275,0
DA:276,0
DA:277,0
DA:278,0
DA:279,0
DA:280,0
DA:281,0
DA:282,0
DA:283,0
DA:286,0
DA:287,0
DA:288,0
DA:291,0
DA:292,0
DA:293,0
DA:294,0
DA:295,0
DA:296,0
DA:297,0
DA:298,0
DA:299,0
DA:301,0
DA:302,0
DA:303,0
DA:309,0
DA:310,0
DA:311,0
DA:312,0
DA:313,0
DA:314,0
DA:316,0
DA:317,0
DA:318,0
DA:319,0
DA:320,0
DA:323,0
DA:324,0
DA:325,0
DA:326,0
DA:327,0
DA:330,0
DA:331,0
DA:332,0
DA:333,0
DA:334,0
DA:335,0
DA:336,0
DA:340,0
DA:341,0
DA:342,0
DA:343,0
DA:344,0
DA:345,0
DA:346,0
DA:348,0
DA:349,0
DA:355,0
DA:397,0
DA:403,0
DA:404,0
DA:412,0
DA:421,0
DA:432,0
DA:437,0
DA:445,0
DA:454,0
DA:455,0
DA:462,0
DA:541,0
DA:635,0
DA:647,0
DA:731,0
DA:826,0
DA:833,0
DA:848,0
DA:885,0
DA:886,0
DA:896,0
DA:897,0
DA:898,0
DA:914,0
DA:921,0
DA:936,0
DA:953,0
DA:956,0
DA:959,0
LF:232
LH:0
BRDA:93,0,0,0
BRDA:93,0,1,0
BRDA:93,1,0,0
BRDA:93,1,1,0
BRDA:93,1,2,0
BRDA:93,1,3,0
BRDA:106,2,0,0
BRDA:106,2,1,0
BRDA:106,3,0,0
BRDA:106,3,1,0
BRDA:107,4,0,0
BRDA:107,4,1,0
BRDA:112,5,0,0
BRDA:112,5,1,0
BRDA:112,6,0,0
BRDA:112,6,1,0
BRDA:117,7,0,0
BRDA:117,7,1,0
BRDA:117,8,0,0
BRDA:117,8,1,0
BRDA:118,9,0,0
BRDA:118,9,1,0
BRDA:140,10,0,0
BRDA:140,10,1,0
BRDA:141,11,0,0
BRDA:141,11,1,0
BRDA:143,12,0,0
BRDA:143,12,1,0
BRDA:144,13,0,0
BRDA:144,13,1,0
BRDA:145,14,0,0
BRDA:145,14,1,0
BRDA:160,15,0,0
BRDA:160,15,1,0
BRDA:160,16,0,0
BRDA:160,16,1,0
BRDA:162,17,0,0
BRDA:162,17,1,0
BRDA:162,18,0,0
BRDA:162,18,1,0
BRDA:163,19,0,0
BRDA:163,19,1,0
BRDA:173,20,0,0
BRDA:173,20,1,0
BRDA:175,21,0,0
BRDA:175,21,1,0
BRDA:175,22,0,0
BRDA:175,22,1,0
BRDA:180,23,0,0
BRDA:180,23,1,0
BRDA:192,24,0,0
BRDA:192,24,1,0
BRDA:193,25,0,0
BRDA:193,25,1,0
BRDA:194,26,0,0
BRDA:194,26,1,0
BRDA:201,27,0,0
BRDA:206,28,0,0
BRDA:206,28,1,0
BRDA:206,29,0,0
BRDA:206,29,1,0
BRDA:256,30,0,0
BRDA:256,30,1,0
BRDA:256,31,0,0
BRDA:256,31,1,0
BRDA:257,32,0,0
BRDA:257,32,1,0
BRDA:257,33,0,0
BRDA:257,33,1,0
BRDA:258,34,0,0
BRDA:258,34,1,0
BRDA:258,35,0,0
BRDA:258,35,1,0
BRDA:258,35,2,0
BRDA:265,36,0,0
BRDA:265,36,1,0
BRDA:268,37,0,0
BRDA:268,37,1,0
BRDA:274,38,0,0
BRDA:274,38,1,0
BRDA:317,39,0,0
BRDA:317,39,1,0
BRDA:324,40,0,0
BRDA:324,40,1,0
BRDA:331,41,0,0
BRDA:331,41,1,0
BRDA:333,42,0,0
BRDA:333,42,1,0
BRDA:335,43,0,0
BRDA:335,43,1,0
BRDA:340,44,0,0
BRDA:340,44,1,0
BRDA:341,45,0,0
BRDA:341,45,1,0
BRDA:345,46,0,0
BRDA:345,46,1,0
BRDA:345,47,0,0
BRDA:345,47,1,0
BRDA:346,48,0,0
BRDA:346,48,1,0
BRDA:346,49,0,0
BRDA:346,49,1,0
BRDA:373,50,0,0
BRDA:373,50,1,0
BRDA:378,51,0,0
BRDA:378,51,1,0
BRDA:378,52,0,0
BRDA:378,52,1,0
BRDA:380,53,0,0
BRDA:380,53,1,0
BRDA:380,54,0,0
BRDA:380,54,1,0
BRDA:403,55,0,0
BRDA:403,55,1,0
BRDA:404,56,0,0
BRDA:404,56,1,0
BRDA:407,57,0,0
BRDA:407,57,1,0
BRDA:408,58,0,0
BRDA:408,58,1,0
BRDA:410,59,0,0
BRDA:410,59,1,0
BRDA:428,60,0,0
BRDA:428,60,1,0
BRDA:435,61,0,0
BRDA:435,61,1,0
BRDA:442,62,0,0
BRDA:442,62,1,0
BRDA:446,63,0,0
BRDA:446,63,1,0
BRDA:447,64,0,0
BRDA:447,64,1,0
BRDA:449,65,0,0
BRDA:449,65,1,0
BRDA:461,66,0,0
BRDA:461,66,1,0
BRDA:468,67,0,0
BRDA:468,67,1,0
BRDA:475,68,0,0
BRDA:475,68,1,0
BRDA:490,69,0,0
BRDA:490,69,1,0
BRDA:523,70,0,0
BRDA:523,70,1,0
BRDA:526,71,0,0
BRDA:526,71,1,0
BRDA:575,72,0,0
BRDA:575,72,1,0
BRDA:575,73,0,0
BRDA:575,73,1,0
BRDA:576,74,0,0
BRDA:576,74,1,0
BRDA:576,75,0,0
BRDA:576,75,1,0
BRDA:592,76,0,0
BRDA:592,76,1,0
BRDA:624,77,0,0
BRDA:624,77,1,0
BRDA:626,78,0,0
BRDA:626,78,1,0
BRDA:627,79,0,0
BRDA:627,79,1,0
BRDA:628,80,0,0
BRDA:628,80,1,0
BRDA:630,81,0,0
BRDA:630,81,1,0
BRDA:640,82,0,0
BRDA:640,82,1,0
BRDA:674,83,0,0
BRDA:674,83,1,0
BRDA:725,84,0,0
BRDA:725,84,1,0
BRDA:749,85,0,0
BRDA:749,85,1,0
BRDA:749,86,0,0
BRDA:749,86,1,0
BRDA:750,87,0,0
BRDA:750,87,1,0
BRDA:750,88,0,0
BRDA:750,88,1,0
BRDA:766,89,0,0
BRDA:766,89,1,0
BRDA:787,90,0,0
BRDA:787,90,1,0
BRDA:802,91,0,0
BRDA:802,91,1,0
BRDA:802,92,0,0
BRDA:802,92,1,0
BRDA:803,93,0,0
BRDA:803,93,1,0
BRDA:825,94,0,0
BRDA:825,94,1,0
BRDA:913,95,0,0
BRDA:913,95,1,0
BRDA:949,96,0,0
BRDA:949,96,1,0
BRF:196
BRH:0
end_of_record
TN:
SF:src/components/VirtualLogsTerminal.tsx
FN:154,(anonymous_0)
FN:180,(anonymous_1)
FN:183,(anonymous_2)
FNF:3
FNH:0
FNDA:0,(anonymous_0)
FNDA:0,(anonymous_1)
FNDA:0,(anonymous_2)
DA:13,0
DA:144,0
DA:154,0
DA:155,0
DA:157,0
DA:181,0
DA:183,0
LF:7
LH:0
BRDA:185,0,0,0
BRDA:185,0,1,0
BRF:2
BRH:0
end_of_record
TN:
SF:src/core/quantum-core.ts
FN:31,(anonymous_0)
FN:40,(anonymous_1)
FN:49,(anonymous_2)
FN:56,(anonymous_3)
FN:67,(anonymous_4)
FN:93,(anonymous_5)
FN:119,(anonymous_6)
FN:146,(anonymous_7)
FN:162,(anonymous_8)
FN:175,calculateAlOtaibiUnified
FN:256,runQuantumCoreVerification
FN:262,(anonymous_11)
FN:273,(anonymous_12)
FN:284,(anonymous_13)
FN:296,(anonymous_14)
FN:309,(anonymous_15)
FN:319,(anonymous_16)
FN:329,(anonymous_17)
FN:333,computeEnergySpectrum
FNF:19
FNH:19
FNDA:176,(anonymous_0)
FNDA:309,(anonymous_1)
FNDA:39,(anonymous_2)
FNDA:10,(anonymous_3)
FNDA:80,(anonymous_4)
FNDA:43,(anonymous_5)
FNDA:41,(anonymous_6)
FNDA:45,(anonymous_7)
FNDA:43,(anonymous_8)
FNDA:34,calculateAlOtaibiUnified
FNDA:3,runQuantumCoreVerification
FNDA:3,(anonymous_11)
FNDA:3,(anonymous_12)
FNDA:3,(anonymous_13)
FNDA:3,(anonymous_14)
FNDA:3,(anonymous_15)
FNDA:3,(anonymous_16)
FNDA:18,(anonymous_17)
FNDA:8,computeEnergySpectrum
DA:31,176
DA:40,309
DA:49,6
DA:50,39
DA:56,10
DA:67,6
DA:68,80
DA:69,76
DA:93,6
DA:94,43
DA:95,41
DA:119,6
DA:120,41
DA:122,41
DA:123,41
DA:125,41
DA:126,0
DA:129,41
DA:146,6
DA:150,45
DA:151,43
DA:153,41
DA:154,41
DA:162,6
DA:167,43
DA:168,43
DA:176,34
DA:181,34
DA:182,34
DA:184,34
DA:185,34
DA:187,34
DA:188,34
DA:193,34
DA:194,34
DA:199,34
DA:200,34
DA:207,34
DA:212,34
DA:218,34
DA:219,34
DA:222,34
DA:227,34
DA:229,34
DA:230,34
DA:231,1
DA:232,1
DA:233,1
DA:234,33
DA:235,0
DA:237,33
DA:240,34
DA:241,34
DA:243,34
DA:260,3
DA:262,3
DA:263,3
DA:264,3
DA:265,3
DA:266,3
DA:273,3
DA:274,3
DA:275,3
DA:276,3
DA:277,3
DA:284,3
DA:285,3
DA:286,3
DA:287,3
DA:288,3
DA:289,3
DA:296,3
DA:297,3
DA:298,3
DA:299,3
DA:300,3
DA:301,3
DA:302,3
DA:309,3
DA:310,3
DA:311,3
DA:312,3
DA:319,3
DA:320,3
DA:321,3
DA:322,3
DA:329,18
DA:330,3
DA:339,8
DA:340,7
DA:341,6
DA:343,4
DA:344,4
DA:346,4
DA:347,25
DA:348,25
DA:349,25
DA:355,4
LF:98
LH:96
BRDA:68,0,0,4
BRDA:68,0,1,76
BRDA:68,1,0,80
BRDA:68,1,1,78
BRDA:94,2,0,2
BRDA:94,2,1,41
BRDA:125,3,0,0
BRDA:125,3,1,41
BRDA:125,4,0,41
BRDA:125,4,1,41
BRDA:150,5,0,2
BRDA:150,5,1,43
BRDA:150,6,0,45
BRDA:150,6,1,44
BRDA:151,7,0,2
BRDA:151,7,1,41
BRDA:151,8,0,43
BRDA:151,8,1,42
BRDA:184,9,0,34
BRDA:184,9,1,33
BRDA:185,10,0,34
BRDA:185,10,1,33
BRDA:230,11,0,1
BRDA:230,11,1,33
BRDA:230,12,0,34
BRDA:230,12,1,34
BRDA:234,13,0,0
BRDA:234,13,1,33
BRDA:288,14,0,3
BRDA:288,14,1,3
BRDA:339,15,0,1
BRDA:339,15,1,7
BRDA:340,16,0,1
BRDA:340,16,1,6
BRDA:341,17,0,2
BRDA:341,17,1,4
BRF:36
BRH:34
end_of_record
TN:
SF:src/core/quantum-gates.ts
FN:37,(anonymous_0)
FN:104,(anonymous_1)
FN:116,(anonymous_2)
FN:130,(anonymous_3)
FN:167,applyGate1Q
FN:178,applyGateCNOT
FN:200,createBellState
FNF:7
FNH:7
FNDA:116,(anonymous_0)
FNDA:3,(anonymous_1)
FNDA:3,(anonymous_2)
FNDA:3,(anonymous_3)
FNDA:27,applyGate1Q
FNDA:5,applyGateCNOT
FNDA:2,createBellState
DA:37,116
DA:38,2
DA:49,2
DA:58,2
DA:67,2
DA:76,2
DA:85,2
DA:94,2
DA:104,2
DA:105,3
DA:106,3
DA:116,2
DA:117,3
DA:118,3
DA:119,3
DA:120,3
DA:130,2
DA:131,3
DA:132,3
DA:133,3
DA:134,3
DA:152,2
DA:168,27
DA:179,5
DA:202,2
DA:205,2
DA:208,2
DA:211,2
LF:28
LH:28
BRDA:37,0,0,116
BRF:1
BRH:1
end_of_record
TN:
SF:src/core/statevector.ts
FN:39,createZeroState
FN:44,(anonymous_1)
FN:55,createBasisState
FN:60,(anonymous_3)
FN:76,applyGate
FN:109,applyCNOT
FN:139,measureQubit
FN:157,(anonymous_7)
FN:173,getProbabilities
FN:174,(anonymous_9)
FN:197,runCircuit
FN:225,vonNeumannEntropy
FN:227,(anonymous_12)
FNF:13
FNH:11
FNDA:30,createZeroState
FNDA:114,(anonymous_1)
FNDA:4,createBasisState
FNDA:10,(anonymous_3)
FNDA:21,applyGate
FNDA:5,applyCNOT
FNDA:0,measureQubit
FNDA:0,(anonymous_7)
FNDA:17,getProbabilities
FNDA:58,(anonymous_9)
FNDA:10,runCircuit
FNDA:4,vonNeumannEntropy
FNDA:16,(anonymous_12)
DA:40,30
DA:41,2
DA:43,28
DA:44,28
DA:45,114
DA:47,28
DA:56,4
DA:57,4
DA:58,2
DA:60,2
DA:61,10
DA:63,2
DA:81,21
DA:82,2
DA:85,19
DA:86,19
DA:87,19
DA:89,19
DA:90,58
DA:92,29
DA:93,29
DA:94,29
DA:96,29
DA:97,29
DA:100,19
DA:114,5
DA:116,4
DA:117,4
DA:118,4
DA:119,4
DA:121,4
DA:122,16
DA:123,4
DA:124,4
DA:128,4
DA:143,0
DA:144,0
DA:146,0
DA:147,0
DA:148,0
DA:149,0
DA:153,0
DA:154,0
DA:155,0
DA:157,0
DA:158,0
DA:159,0
DA:160,0
DA:163,0
DA:174,58
DA:190,1
DA:201,10
DA:203,10
DA:204,17
DA:205,3
DA:206,2
DA:207,14
DA:208,3
DA:209,2
DA:212,3
DA:214,11
DA:218,8
DA:226,4
DA:227,4
DA:228,16
DA:229,9
LF:66
LH:52
BRDA:40,0,0,2
BRDA:40,0,1,28
BRDA:40,1,0,30
BRDA:40,1,1,29
BRDA:45,2,0,28
BRDA:45,2,1,86
BRDA:57,3,0,2
BRDA:57,3,1,2
BRDA:57,4,0,4
BRDA:57,4,1,3
BRDA:61,5,0,2
BRDA:61,5,1,8
BRDA:81,6,0,2
BRDA:81,6,1,19
BRDA:81,7,0,21
BRDA:81,7,1,20
BRDA:90,8,0,29
BRDA:90,8,1,29
BRDA:114,9,0,1
BRDA:114,9,1,4
BRDA:122,10,0,4
BRDA:122,10,1,12
BRDA:122,11,0,16
BRDA:122,11,1,8
BRDA:147,12,0,0
BRDA:147,12,1,0
BRDA:153,13,0,0
BRDA:153,13,1,0
BRDA:154,14,0,0
BRDA:154,14,1,0
BRDA:159,15,0,0
BRDA:159,15,1,0
BRDA:204,16,0,3
BRDA:204,16,1,14
BRDA:205,17,0,1
BRDA:205,17,1,2
BRDA:207,18,0,3
BRDA:207,18,1,11
BRDA:207,19,0,14
BRDA:207,19,1,13
BRDA:207,19,2,12
BRDA:208,20,0,1
BRDA:208,20,1,2
BRDA:209,21,0,0
BRDA:209,21,1,2
BRDA:210,22,0,1
BRDA:210,22,1,1
BRDA:228,23,0,7
BRDA:228,23,1,9
BRF:49
BRH:40
end_of_record
TN:
SF:src/engine/AlOtaibiPlanck.ts
FN:16,(anonymous_0)
FN:25,(anonymous_1)
FN:37,(anonymous_2)
FN:43,(anonymous_3)
FNF:4
FNH:4
FNDA:1,(anonymous_0)
FNDA:10,(anonymous_1)
FNDA:2,(anonymous_2)
FNDA:2,(anonymous_3)
DA:17,1
DA:26,10
DA:27,10
DA:28,6
DA:29,6
DA:31,5
DA:33,5
DA:34,5
DA:38,2
DA:39,2
DA:40,2
DA:48,2
DA:50,2
DA:52,2
DA:53,2
DA:54,2
DA:55,2
DA:57,2
DA:58,2
LF:19
LH:19
BRDA:27,0,0,4
BRDA:27,0,1,6
BRDA:27,1,0,10
BRDA:27,1,1,8
BRDA:29,2,0,1
BRDA:29,2,1,5
BRDA:38,3,0,0
BRDA:38,3,1,2
BRDA:39,4,0,0
BRDA:39,4,1,2
BRDA:46,5,0,2
BRF:11
BRH:9
end_of_record
TN:
SF:src/engine/AlUtaibiEquationV2.ts
FN:18,(anonymous_0)
FN:24,(anonymous_1)
FN:46,(anonymous_2)
FNF:3
FNH:3
FNDA:1,(anonymous_0)
FNDA:1,(anonymous_1)
FNDA:6,(anonymous_2)
DA:7,1
DA:8,1
DA:9,1
DA:10,1
DA:11,1
DA:12,1
DA:13,1
DA:14,1
DA:19,8
DA:28,8
DA:29,4
DA:31,4
DA:52,6
DA:53,6
DA:55,6
DA:57,6
DA:61,6
DA:64,6
DA:66,6
LF:19
LH:19
BRDA:26,0,0,8
BRDA:28,1,0,4
BRDA:28,1,1,4
BRDA:48,2,0,6
BRDA:49,3,0,6
BRDA:50,4,0,6
BRF:6
BRH:6
end_of_record
TN:
SF:src/engine/BlackbodyEngine.ts
FN:57,planck
FN:68,boseEinstein
FN:78,correctionQED
FN:88,correctionGUP
FN:97,correctionLQG
FN:107,geomspace
FN:126,(anonymous_6)
FN:152,(anonymous_7)
FN:160,(anonymous_8)
FNF:9
FNH:9
FNDA:670,planck
FNDA:665,boseEinstein
FNDA:668,correctionQED
FNDA:668,correctionGUP
FNDA:667,correctionLQG
FNDA:7,geomspace
FNDA:670,(anonymous_6)
FNDA:7,(anonymous_7)
FNDA:660,(anonymous_8)
DA:16,1
DA:17,1
DA:18,1
DA:19,1
DA:20,1
DA:21,1
DA:22,1
DA:23,1
DA:24,1
DA:58,670
DA:59,667
DA:60,667
DA:61,667
DA:62,667
DA:69,665
DA:70,665
DA:71,665
DA:72,665
DA:79,668
DA:80,665
DA:81,665
DA:82,665
DA:89,668
DA:90,667
DA:91,667
DA:98,667
DA:99,664
DA:100,664
DA:101,664
DA:108,7
DA:109,7
DA:110,7
DA:111,7
DA:112,7
DA:113,7
DA:114,7
DA:115,660
DA:117,7
DA:127,670
DA:128,670
DA:129,670
DA:130,670
DA:131,670
DA:133,670
DA:135,670
DA:136,670
DA:137,670
DA:138,670
DA:140,670
DA:159,7
DA:160,660
DA:162,7
DA:163,7
DA:164,7
DA:165,660
DA:166,583
DA:167,583
DA:171,7
DA:173,7
DA:185,1
LF:60
LH:60
BRDA:58,0,0,3
BRDA:58,0,1,667
BRDA:58,1,0,670
BRDA:58,1,1,668
BRDA:60,2,0,0
BRDA:60,2,1,667
BRDA:69,3,0,0
BRDA:69,3,1,665
BRDA:69,4,0,665
BRDA:69,4,1,665
BRDA:71,5,0,0
BRDA:71,5,1,665
BRDA:79,6,0,3
BRDA:79,6,1,665
BRDA:79,7,0,668
BRDA:79,7,1,666
BRDA:89,8,0,1
BRDA:89,8,1,667
BRDA:98,9,0,3
BRDA:98,9,1,664
BRDA:98,10,0,667
BRDA:98,10,1,665
BRDA:108,11,0,0
BRDA:108,11,1,7
BRDA:109,12,0,0
BRDA:109,12,1,7
BRDA:126,13,0,670
BRDA:127,14,0,670
BRDA:127,14,1,666
BRDA:128,15,0,670
BRDA:128,15,1,666
BRDA:129,16,0,670
BRDA:129,16,1,666
BRDA:130,17,0,670
BRDA:130,17,1,670
BRDA:131,18,0,670
BRDA:131,18,1,670
BRDA:136,19,0,668
BRDA:136,19,1,2
BRDA:137,20,0,667
BRDA:137,20,1,3
BRDA:138,21,0,668
BRDA:138,21,1,2
BRDA:142,22,0,669
BRDA:142,22,1,1
BRDA:157,23,0,7
BRDA:165,24,0,583
BRDA:165,24,1,77
BRDA:171,25,0,7
BRDA:171,25,1,0
BRDA:178,26,0,7
BRDA:178,26,1,0
BRF:52
BRH:45
end_of_record
TN:
SF:src/engine/GeminiService.ts
FN:15,(anonymous_0)
FN:17,(anonymous_1)
FN:18,(anonymous_2)
FN:45,(anonymous_3)
FNF:4
FNH:0
FNDA:0,(anonymous_0)
FNDA:0,(anonymous_1)
FNDA:0,(anonymous_2)
FNDA:0,(anonymous_3)
DA:16,0
DA:17,0
DA:18,0
DA:19,0
DA:20,0
DA:21,0
DA:23,0
DA:24,0
DA:25,0
DA:26,0
DA:29,0
DA:31,0
DA:36,0
DA:37,0
DA:38,0
DA:39,0
DA:41,0
DA:46,0
DA:52,0
LF:19
LH:0
BRDA:20,0,0,0
BRDA:20,0,1,0
BRDA:21,1,0,0
BRDA:21,1,1,0
BRDA:23,2,0,0
BRDA:23,2,1,0
BRDA:24,3,0,0
BRDA:24,3,1,0
BRDA:25,4,0,0
BRDA:25,4,1,0
BRDA:25,5,0,0
BRDA:25,5,1,0
BRDA:29,6,0,0
BRDA:29,6,1,0
BRDA:34,7,0,0
BRDA:34,7,1,0
BRDA:36,8,0,0
BRDA:36,8,1,0
BRDA:38,9,0,0
BRDA:38,9,1,0
BRDA:39,10,0,0
BRDA:39,10,1,0
BRF:22
BRH:0
end_of_record
TN:
SF:src/engine/GrokService.ts
FN:15,(anonymous_0)
FN:17,(anonymous_1)
FN:18,(anonymous_2)
FN:45,(anonymous_3)
FNF:4
FNH:0
FNDA:0,(anonymous_0)
FNDA:0,(anonymous_1)
FNDA:0,(anonymous_2)
FNDA:0,(anonymous_3)
DA:16,0
DA:17,0
DA:18,0
DA:19,0
DA:20,0
DA:21,0
DA:23,0
DA:24,0
DA:25,0
DA:26,0
DA:29,0
DA:31,0
DA:36,0
DA:37,0
DA:38,0
DA:39,0
DA:41,0
DA:46,0
DA:52,0
LF:19
LH:0
BRDA:20,0,0,0
BRDA:20,0,1,0
BRDA:21,1,0,0
BRDA:21,1,1,0
BRDA:23,2,0,0
BRDA:23,2,1,0
BRDA:24,3,0,0
BRDA:24,3,1,0
BRDA:25,4,0,0
BRDA:25,4,1,0
BRDA:25,5,0,0
BRDA:25,5,1,0
BRDA:29,6,0,0
BRDA:29,6,1,0
BRDA:34,7,0,0
BRDA:34,7,1,0
BRDA:36,8,0,0
BRDA:36,8,1,0
BRDA:38,9,0,0
BRDA:38,9,1,0
BRDA:39,10,0,0
BRDA:39,10,1,0
BRF:22
BRH:0
end_of_record
TN:
SF:src/engine/GroverAlgorithm.ts
FN:12,(anonymous_0)
FN:20,(anonymous_1)
FN:27,(anonymous_2)
FN:38,(anonymous_3)
FN:43,(anonymous_4)
FN:44,(anonymous_5)
FN:47,(anonymous_6)
FNF:7
FNH:7
FNDA:7,(anonymous_0)
FNDA:15,(anonymous_1)
FNDA:15,(anonymous_2)
FNDA:15,(anonymous_3)
FNDA:7,(anonymous_4)
FNDA:164,(anonymous_5)
FNDA:4,(anonymous_6)
DA:13,7
DA:14,7
DA:15,7
DA:16,7
DA:17,7
DA:21,15
DA:22,15
DA:23,15
DA:28,15
DA:29,15
DA:31,15
DA:32,560
DA:33,560
DA:35,15
DA:39,15
DA:40,15
DA:44,164
DA:48,4
LF:18
LH:18
BRDA:21,0,0,15
BRDA:21,0,1,0
BRDA:21,1,0,15
BRDA:21,1,1,15
BRF:4
BRH:3
end_of_record
TN:
SF:src/engine/OpenRouterService.ts
FN:15,(anonymous_0)
FN:17,(anonymous_1)
FN:18,(anonymous_2)
FN:45,(anonymous_3)
FNF:4
FNH:0
FNDA:0,(anonymous_0)
FNDA:0,(anonymous_1)
FNDA:0,(anonymous_2)
FNDA:0,(anonymous_3)
DA:16,0
DA:17,0
DA:18,0
DA:19,0
DA:20,0
DA:21,0
DA:23,0
DA:24,0
DA:25,0
DA:26,0
DA:29,0
DA:31,0
DA:36,0
DA:37,0
DA:38,0
DA:39,0
DA:41,0
DA:46,0
DA:52,0
LF:19
LH:0
BRDA:20,0,0,0
BRDA:20,0,1,0
BRDA:21,1,0,0
BRDA:21,1,1,0
BRDA:23,2,0,0
BRDA:23,2,1,0
BRDA:24,3,0,0
BRDA:24,3,1,0
BRDA:25,4,0,0
BRDA:25,4,1,0
BRDA:25,5,0,0
BRDA:25,5,1,0
BRDA:29,6,0,0
BRDA:29,6,1,0
BRDA:34,7,0,0
BRDA:34,7,1,0
BRDA:36,8,0,0
BRDA:36,8,1,0
BRDA:38,9,0,0
BRDA:38,9,1,0
BRDA:39,10,0,0
BRDA:39,10,1,0
BRF:22
BRH:0
end_of_record
TN:
SF:src/engine/QuantumCrypto.ts
FN:13,(anonymous_0)
FNF:1
FNH:1
FNDA:15,(anonymous_0)
DA:18,15
DA:20,15
DA:21,15
DA:22,15
DA:24,15
DA:26,15
LF:6
LH:6
BRDA:14,0,0,15
BRDA:15,1,0,15
BRDA:16,2,0,15
BRF:3
BRH:3
end_of_record
TN:
SF:src/engine/QuantumNeuralNetwork.ts
FN:6,trainQNN
FN:15,(anonymous_1)
FN:17,(anonymous_2)
FNF:3
FNH:3
FNDA:3,trainQNN
FNDA:3,(anonymous_1)
FNDA:43,(anonymous_2)
DA:11,3
DA:12,3
DA:13,3
DA:15,3
DA:16,3
DA:17,3
DA:18,43
DA:19,3
DA:20,3
DA:21,3
DA:24,40
DA:26,40
DA:27,40
DA:29,40
DA:31,40
DA:33,40
DA:34,40
LF:17
LH:17
BRDA:7,0,0,3
BRDA:8,1,0,3
BRDA:18,2,0,3
BRDA:18,2,1,40
BRDA:27,3,0,0
BRDA:27,3,1,40
BRDA:31,4,0,0
BRDA:31,4,1,40
BRF:8
BRH:6
end_of_record
TN:
SF:src/engine/SimulationFactory.ts
FN:47,(anonymous_0)
FN:73,(anonymous_1)
FN:88,(anonymous_2)
FN:101,(anonymous_3)
FN:112,(anonymous_4)
FN:123,(anonymous_5)
FN:143,(anonymous_6)
FNF:7
FNH:3
FNDA:1,(anonymous_0)
FNDA:0,(anonymous_1)
FNDA:1,(anonymous_2)
FNDA:0,(anonymous_3)
FNDA:0,(anonymous_4)
FNDA:0,(anonymous_5)
FNDA:1,(anonymous_6)
DA:48,1
DA:55,1
DA:62,1
DA:75,0
DA:76,0
DA:77,0
DA:89,1
DA:90,1
DA:102,0
DA:113,0
DA:124,0
DA:134,1
DA:144,3
DA:145,3
DA:146,1
DA:149,2
DA:150,2
LF:17
LH:11
BRDA:49,0,0,1
BRDA:49,0,1,0
BRDA:50,1,0,1
BRDA:50,1,1,1
BRDA:51,2,0,1
BRDA:51,2,1,1
BRDA:52,3,0,1
BRDA:52,3,1,1
BRDA:53,4,0,1
BRDA:53,4,1,1
BRDA:145,5,0,1
BRDA:145,5,1,2
BRF:12
BRH:11
end_of_record
TN:
SF:src/engine/TaskOrchestrator.ts
FN:23,(anonymous_0)
FN:33,(anonymous_1)
FN:43,(anonymous_2)
FN:44,(anonymous_3)
FN:54,(anonymous_4)
FNF:5
FNH:5
FNDA:1,(anonymous_0)
FNDA:1,(anonymous_1)
FNDA:5,(anonymous_2)
FNDA:5,(anonymous_3)
FNDA:1,(anonymous_4)
DA:19,1
DA:20,1
DA:21,1
DA:24,6
DA:25,6
DA:27,6
DA:28,6
DA:30,6
DA:34,11
DA:36,5
DA:37,5
DA:38,5
DA:40,5
DA:43,5
DA:44,5
DA:45,5
DA:46,5
DA:47,5
DA:48,5
DA:49,5
DA:55,4
LF:21
LH:21
BRDA:34,0,0,6
BRDA:34,0,1,5
BRDA:34,1,0,11
BRDA:34,1,1,10
BRDA:50,2,0,4
BRDA:50,2,1,1
BRF:6
BRH:6
end_of_record
TN:
SF:src/engine/TopologicalQEC.ts
FN:18,(anonymous_0)
FN:23,(anonymous_1)
FN:26,(anonymous_2)
FN:29,(anonymous_3)
FN:32,(anonymous_4)
FN:36,(anonymous_5)
FNF:6
FNH:6
FNDA:4,(anonymous_0)
FNDA:27,(anonymous_1)
FNDA:3,(anonymous_2)
FNDA:20,(anonymous_3)
FNDA:2,(anonymous_4)
FNDA:15,(anonymous_5)
DA:19,4
DA:20,4
DA:21,4
DA:23,27
DA:27,3
DA:29,20
DA:33,2
DA:34,2
DA:36,15
DA:37,2
DA:38,2
DA:40,2
DA:41,15
DA:42,125
DA:43,49
DA:44,49
DA:46,76
DA:47,76
DA:50,125
DA:51,46
DA:52,46
DA:53,46
DA:54,46
DA:58,2
DA:59,2
LF:25
LH:25
BRDA:42,0,0,49
BRDA:42,0,1,76
BRDA:46,1,0,0
BRDA:46,1,1,76
BRDA:47,2,0,0
BRDA:47,2,1,76
BRDA:50,3,0,46
BRDA:50,3,1,79
BRDA:50,4,0,125
BRDA:50,4,1,49
BRF:10
BRH:8
end_of_record
TN:
SF:src/ethics/EthicalGovernance.ts
FN:55,(anonymous_0)
FN:65,(anonymous_1)
FN:108,(anonymous_2)
FN:113,(anonymous_3)
FN:115,(anonymous_4)
FNF:5
FNH:5
FNDA:46,(anonymous_0)
FNDA:184,(anonymous_1)
FNDA:5,(anonymous_2)
FNDA:4,(anonymous_3)
FNDA:6,(anonymous_4)
DA:11,1
DA:45,20
DA:46,20
DA:56,46
DA:64,46
DA:65,184
DA:66,46
DA:73,46
DA:74,46
DA:76,46
DA:77,6
DA:78,6
DA:79,40
DA:80,2
DA:81,2
DA:82,38
DA:83,1
DA:84,1
DA:88,46
DA:96,46
DA:109,5
DA:114,4
DA:115,6
DA:116,3
DA:121,1
LF:25
LH:25
BRDA:59,0,0,40
BRDA:59,0,1,6
BRDA:76,1,0,6
BRDA:76,1,1,40
BRDA:79,2,0,2
BRDA:79,2,1,38
BRDA:82,3,0,1
BRDA:82,3,1,37
BRDA:114,4,0,1
BRDA:114,4,1,3
BRF:10
BRH:10
end_of_record
TN:
SF:src/hooks/useQuantumState.ts
FN:30,(anonymous_0)
FN:40,(anonymous_1)
FN:42,(anonymous_2)
FN:46,(anonymous_3)
FN:47,(anonymous_4)
FN:51,(anonymous_5)
FN:52,(anonymous_6)
FN:61,(anonymous_7)
FN:71,(anonymous_8)
FNF:9
FNH:0
FNDA:0,(anonymous_0)
FNDA:0,(anonymous_1)
FNDA:0,(anonymous_2)
FNDA:0,(anonymous_3)
FNDA:0,(anonymous_4)
FNDA:0,(anonymous_5)
FNDA:0,(anonymous_6)
FNDA:0,(anonymous_7)
FNDA:0,(anonymous_8)
DA:30,0
DA:31,0
DA:40,0
DA:41,0
DA:42,0
DA:46,0
DA:47,0
DA:51,0
DA:52,0
DA:61,0
DA:62,0
DA:71,0
LF:12
LH:0
BRF:0
BRH:0
end_of_record
TN:
SF:src/hooks-system/hookRunner.ts
FN:25,registerHooks
FN:38,clearHooks
FN:46,getHooksForEvent
FN:53,executeHook
FN:74,(anonymous_4)
FN:75,(anonymous_5)
FN:101,executeHookByType
FN:137,runHooks
FN:162,(anonymous_8)
FN:179,matchesPattern
FNF:10
FNH:0
FNDA:0,registerHooks
FNDA:0,clearHooks
FNDA:0,getHooksForEvent
FNDA:0,executeHook
FNDA:0,(anonymous_4)
FNDA:0,(anonymous_5)
FNDA:0,executeHookByType
FNDA:0,runHooks
FNDA:0,(anonymous_8)
FNDA:0,matchesPattern
DA:19,0
DA:20,0
DA:26,0
DA:27,0
DA:28,0
DA:29,0
DA:31,0
DA:39,0
DA:40,0
DA:47,0
DA:54,0
DA:55,0
DA:56,0
DA:64,0
DA:65,0
DA:68,0
DA:69,0
DA:72,0
DA:75,0
DA:79,0
DA:80,0
DA:83,0
DA:89,0
DA:102,0
DA:104,0
DA:105,0
DA:108,0
DA:116,0
DA:117,0
DA:119,0
DA:124,0
DA:125,0
DA:129,0
DA:130,0
DA:138,0
DA:139,0
DA:141,0
DA:150,0
DA:152,0
DA:154,0
DA:155,0
DA:158,0
DA:159,0
DA:160,0
DA:162,0
DA:163,0
DA:165,0
DA:167,0
DA:168,0
DA:173,0
DA:180,0
DA:181,0
DA:182,0
DA:184,0
LF:54
LH:0
BRDA:28,0,0,0
BRDA:28,0,1,0
BRDA:31,1,0,0
BRDA:31,1,1,0
BRDA:47,2,0,0
BRDA:47,2,1,0
BRDA:55,3,0,0
BRDA:55,3,1,0
BRDA:57,4,0,0
BRDA:57,4,1,0
BRDA:58,5,0,0
BRDA:58,5,1,0
BRDA:59,6,0,0
BRDA:59,6,1,0
BRDA:60,7,0,0
BRDA:60,7,1,0
BRDA:64,8,0,0
BRDA:64,8,1,0
BRDA:64,9,0,0
BRDA:64,9,1,0
BRDA:79,10,0,0
BRDA:79,10,1,0
BRDA:93,11,0,0
BRDA:93,11,1,0
BRDA:102,12,0,0
BRDA:102,12,1,0
BRDA:102,12,2,0
BRDA:102,12,3,0
BRDA:109,13,0,0
BRDA:109,13,1,0
BRDA:112,14,0,0
BRDA:112,14,1,0
BRDA:116,15,0,0
BRDA:116,15,1,0
BRDA:124,16,0,0
BRDA:124,16,1,0
BRDA:129,17,0,0
BRDA:129,17,1,0
BRDA:137,18,0,0
BRDA:139,19,0,0
BRDA:139,19,1,0
BRDA:154,20,0,0
BRDA:154,20,1,0
BRDA:154,21,0,0
BRDA:154,21,1,0
BRDA:154,21,2,0
BRDA:159,22,0,0
BRDA:159,22,1,0
BRDA:160,23,0,0
BRDA:160,23,1,0
BRDA:163,24,0,0
BRDA:163,24,1,0
BRDA:180,25,0,0
BRDA:180,25,1,0
BRDA:181,26,0,0
BRDA:181,26,1,0
BRF:56
BRH:0
end_of_record
TN:
SF:src/hooks-system/index.ts
FNF:0
FNH:0
LF:0
LH:0
BRF:0
BRH:0
end_of_record
TN:
SF:src/hooks-system/types.ts
FNF:0
FNH:0
DA:10,0
LF:1
LH:0
BRF:0
BRH:0
end_of_record
TN:
SF:src/keybindings/defaultBindings.ts
FNF:0
FNH:0
DA:13,0
LF:1
LH:0
BRF:0
BRH:0
end_of_record
TN:
SF:src/keybindings/index.ts
FNF:0
FNH:0
LF:0
LH:0
BRF:0
BRH:0
end_of_record
TN:
SF:src/keybindings/parser.ts
FN:29,parseKeystroke
FN:49,parseChord
FN:60,keystrokeToString
FN:73,keystrokeToDisplayString
FN:88,parseBindings
FNF:5
FNH:0
FNDA:0,parseKeystroke
FNDA:0,parseChord
FNDA:0,keystrokeToString
FNDA:0,keystrokeToDisplayString
FNDA:0,parseBindings
DA:12,0
DA:19,0
DA:30,0
DA:31,0
DA:33,0
DA:34,0
DA:35,0
DA:36,0
DA:37,0
DA:39,0
DA:43,0
DA:51,0
DA:52,0
DA:54,0
DA:61,0
DA:62,0
DA:63,0
DA:64,0
DA:65,0
DA:66,0
DA:67,0
DA:74,0
DA:75,0
DA:76,0
DA:77,0
DA:78,0
DA:79,0
DA:80,0
DA:81,0
DA:82,0
DA:89,0
DA:91,0
DA:92,0
DA:93,0
DA:95,0
DA:96,0
DA:97,0
DA:100,0
DA:104,0
LF:39
LH:0
BRDA:35,0,0,0
BRDA:35,0,1,0
BRDA:39,1,0,0
BRDA:39,1,1,0
BRDA:51,2,0,0
BRDA:51,2,1,0
BRDA:62,3,0,0
BRDA:62,3,1,0
BRDA:63,4,0,0
BRDA:63,4,1,0
BRDA:64,5,0,0
BRDA:64,5,1,0
BRDA:65,6,0,0
BRDA:65,6,1,0
BRDA:74,7,0,0
BRDA:74,7,1,0
BRDA:74,7,2,0
BRDA:76,8,0,0
BRDA:76,8,1,0
BRDA:76,9,0,0
BRDA:76,9,1,0
BRDA:77,10,0,0
BRDA:77,10,1,0
BRDA:77,11,0,0
BRDA:77,11,1,0
BRDA:78,12,0,0
BRDA:78,12,1,0
BRDA:78,13,0,0
BRDA:78,13,1,0
BRDA:79,14,0,0
BRDA:79,14,1,0
BRDA:79,15,0,0
BRDA:79,15,1,0
BRDA:80,16,0,0
BRDA:80,16,1,0
BRDA:80,17,0,0
BRDA:80,17,1,0
BRDA:82,18,0,0
BRDA:82,18,1,0
BRDA:93,19,0,0
BRDA:93,19,1,0
BRDA:97,20,0,0
BRDA:97,20,1,0
BRDA:97,21,0,0
BRDA:97,21,1,0
BRF:45
BRH:0
end_of_record
TN:
SF:src/keybindings/resolver.ts
FN:13,keystrokesEqual
FN:25,resolveKey
FN:49,resolveKeyWithChordState
FN:69,(anonymous_3)
FN:80,(anonymous_4)
FN:98,getBindingDisplayText
FN:107,(anonymous_6)
FNF:7
FNH:0
FNDA:0,keystrokesEqual
FNDA:0,resolveKey
FNDA:0,resolveKeyWithChordState
FNDA:0,(anonymous_3)
FNDA:0,(anonymous_4)
FNDA:0,getBindingDisplayText
FNDA:0,(anonymous_6)
DA:14,0
DA:31,0
DA:32,0
DA:33,0
DA:34,0
DA:35,0
DA:37,0
DA:38,0
DA:40,0
DA:43,0
DA:56,0
DA:57,0
DA:61,0
DA:62,0
DA:64,0
DA:65,0
DA:66,0
DA:67,0
DA:69,0
DA:70,0
DA:72,0
DA:73,0
DA:76,0
DA:80,0
DA:82,0
DA:87,0
DA:88,0
DA:92,0
DA:103,0
DA:104,0
DA:105,0
DA:106,0
DA:108,0
DA:109,0
DA:110,0
DA:111,0
DA:112,0
DA:113,0
DA:114,0
DA:119,0
LF:40
LH:0
BRDA:15,0,0,0
BRDA:15,0,1,0
BRDA:15,0,2,0
BRDA:15,0,3,0
BRDA:33,1,0,0
BRDA:33,1,1,0
BRDA:34,2,0,0
BRDA:34,2,1,0
BRDA:35,3,0,0
BRDA:35,3,1,0
BRDA:37,4,0,0
BRDA:37,4,1,0
BRDA:56,5,0,0
BRDA:56,5,1,0
BRDA:56,6,0,0
BRDA:56,6,1,0
BRDA:61,7,0,0
BRDA:61,7,1,0
BRDA:66,8,0,0
BRDA:66,8,1,0
BRDA:67,9,0,0
BRDA:67,9,1,0
BRDA:70,10,0,0
BRDA:70,10,1,0
BRDA:72,11,0,0
BRDA:72,11,1,0
BRDA:82,12,0,0
BRDA:82,12,1,0
BRDA:82,12,2,0
BRDA:87,13,0,0
BRDA:87,13,1,0
BRDA:105,14,0,0
BRDA:105,14,1,0
BRDA:105,15,0,0
BRDA:105,15,1,0
BRDA:109,16,0,0
BRDA:109,16,1,0
BRDA:110,17,0,0
BRDA:110,17,1,0
BRDA:111,18,0,0
BRDA:111,18,1,0
BRDA:112,19,0,0
BRDA:112,19,1,0
BRDA:113,20,0,0
BRDA:113,20,1,0
BRDA:113,21,0,0
BRDA:113,21,1,0
BRF:47
BRH:0
end_of_record
TN:
SF:src/keybindings/types.ts
FNF:0
FNH:0
DA:9,0
DA:22,0
DA:81,0
LF:3
LH:0
BRF:0
BRH:0
end_of_record
TN:
SF:src/keybindings/useKeybindings.ts
FN:17,useKeybindings
FN:23,(anonymous_1)
FN:27,(anonymous_2)
FN:74,(anonymous_3)
FN:76,(anonymous_4)
FNF:5
FNH:0
FNDA:0,useKeybindings
FNDA:0,(anonymous_1)
FNDA:0,(anonymous_2)
FNDA:0,(anonymous_3)
FNDA:0,(anonymous_4)
DA:21,0
DA:23,0
DA:24,0
DA:27,0
DA:29,0
DA:38,0
DA:39,0
DA:40,0
DA:43,0
DA:45,0
DA:47,0
DA:48,0
DA:49,0
DA:50,0
DA:51,0
DA:54,0
DA:55,0
DA:56,0
DA:59,0
DA:60,0
DA:63,0
DA:64,0
DA:68,0
DA:74,0
DA:75,0
DA:76,0
DA:79,0
LF:27
LH:0
BRDA:39,0,0,0
BRDA:39,0,1,0
BRDA:39,1,0,0
BRDA:39,1,1,0
BRDA:39,1,2,0
BRDA:45,2,0,0
BRDA:45,2,1,0
BRDA:45,2,2,0
BRDA:45,2,3,0
BRDA:45,2,4,0
BRF:10
BRH:0
end_of_record
TN:
SF:src/memory/index.ts
FNF:0
FNH:0
LF:0
LH:0
BRF:0
BRH:0
end_of_record
TN:
SF:src/memory/memoryAge.ts
FN:14,memoryAgeDays
FN:21,memoryAge
FN:31,memoryFreshnessText
FN:42,memoryFreshnessNote
FNF:4
FNH:0
FNDA:0,memoryAgeDays
FNDA:0,memoryAge
FNDA:0,memoryFreshnessText
FNDA:0,memoryFreshnessNote
DA:9,0
DA:15,0
DA:22,0
DA:23,0
DA:24,0
DA:25,0
DA:32,0
DA:33,0
DA:34,0
DA:43,0
DA:44,0
DA:45,0
LF:12
LH:0
BRDA:23,0,0,0
BRDA:23,0,1,0
BRDA:24,1,0,0
BRDA:24,1,1,0
BRDA:33,2,0,0
BRDA:33,2,1,0
BRDA:44,3,0,0
BRDA:44,3,1,0
BRF:8
BRH:0
end_of_record
TN:
SF:src/memory/memoryStore.ts
FN:21,loadMemories
FN:36,saveMemories
FN:45,addMemory
FN:62,updateMemory
FN:64,(anonymous_4)
FN:74,deleteMemory
FN:76,(anonymous_6)
FN:86,clearMemories
FN:97,scanMemoryHeaders
FN:100,(anonymous_9)
FN:101,(anonymous_10)
FN:113,formatMemoryManifest
FN:115,(anonymous_12)
FN:128,findRelevantMemories
FN:133,(anonymous_14)
FN:139,(anonymous_15)
FN:146,(anonymous_16)
FN:153,(anonymous_17)
FN:154,(anonymous_18)
FN:156,(anonymous_19)
FN:164,parseMemoryType
FNF:21
FNH:0
FNDA:0,loadMemories
FNDA:0,saveMemories
FNDA:0,addMemory
FNDA:0,updateMemory
FNDA:0,(anonymous_4)
FNDA:0,deleteMemory
FNDA:0,(anonymous_6)
FNDA:0,clearMemories
FNDA:0,scanMemoryHeaders
FNDA:0,(anonymous_9)
FNDA:0,(anonymous_10)
FNDA:0,formatMemoryManifest
FNDA:0,(anonymous_12)
FNDA:0,findRelevantMemories
FNDA:0,(anonymous_14)
FNDA:0,(anonymous_15)
FNDA:0,(anonymous_16)
FNDA:0,(anonymous_17)
FNDA:0,(anonymous_18)
FNDA:0,(anonymous_19)
FNDA:0,parseMemoryType
DA:13,0
DA:14,0
DA:22,0
DA:23,0
DA:24,0
DA:25,0
DA:26,0
DA:27,0
DA:29,0
DA:37,0
DA:38,0
DA:39,0
DA:46,0
DA:47,0
DA:53,0
DA:54,0
DA:55,0
DA:56,0
DA:63,0
DA:64,0
DA:65,0
DA:66,0
DA:67,0
DA:68,0
DA:75,0
DA:76,0
DA:77,0
DA:78,0
DA:79,0
DA:80,0
DA:87,0
DA:88,0
DA:98,0
DA:99,0
DA:100,0
DA:101,0
DA:114,0
DA:116,0
DA:117,0
DA:118,0
DA:133,0
DA:134,0
DA:136,0
DA:137,0
DA:139,0
DA:140,0
DA:141,0
DA:143,0
DA:144,0
DA:145,0
DA:146,0
DA:149,0
DA:152,0
DA:153,0
DA:154,0
DA:156,0
DA:165,0
DA:166,0
DA:168,0
LF:59
LH:0
BRDA:22,0,0,0
BRDA:22,0,1,0
BRDA:25,1,0,0
BRDA:25,1,1,0
BRDA:27,2,0,0
BRDA:27,2,1,0
BRDA:37,3,0,0
BRDA:37,3,1,0
BRDA:65,4,0,0
BRDA:65,4,1,0
BRDA:77,5,0,0
BRDA:77,5,1,0
BRDA:87,6,0,0
BRDA:87,6,1,0
BRDA:118,7,0,0
BRDA:118,7,1,0
BRDA:130,8,0,0
BRDA:131,9,0,0
BRDA:134,10,0,0
BRDA:134,10,1,0
BRDA:144,11,0,0
BRDA:144,11,1,0
BRDA:145,12,0,0
BRDA:145,12,1,0
BRDA:146,13,0,0
BRDA:146,13,1,0
BRDA:165,14,0,0
BRDA:165,14,1,0
BRDA:165,15,0,0
BRDA:165,15,1,0
BRF:30
BRH:0
end_of_record
TN:
SF:src/memory/types.ts
FNF:0
FNH:0
DA:11,0
DA:43,0
DA:52,0
LF:3
LH:0
BRF:0
BRH:0
end_of_record
TN:
SF:src/output-styles/index.ts
FNF:0
FNH:0
LF:0
LH:0
BRF:0
BRH:0
end_of_record
TN:
SF:src/output-styles/outputStyleManager.ts
FN:17,getActiveStyle
FN:25,setActiveStyle
FN:34,getAllStyles
FN:41,getCustomStyles
FN:54,addCustomStyle
FN:56,(anonymous_5)
FN:70,removeCustomStyle
FN:72,(anonymous_7)
FN:84,getActiveStylePrompt
FN:87,(anonymous_9)
FN:94,getStyleByName
FN:95,(anonymous_11)
FNF:12
FNH:0
FNDA:0,getActiveStyle
FNDA:0,setActiveStyle
FNDA:0,getAllStyles
FNDA:0,getCustomStyles
FNDA:0,addCustomStyle
FNDA:0,(anonymous_5)
FNDA:0,removeCustomStyle
FNDA:0,(anonymous_7)
FNDA:0,getActiveStylePrompt
FNDA:0,(anonymous_9)
FNDA:0,getStyleByName
FNDA:0,(anonymous_11)
DA:11,0
DA:12,0
DA:18,0
DA:19,0
DA:26,0
DA:27,0
DA:35,0
DA:42,0
DA:43,0
DA:44,0
DA:45,0
DA:47,0
DA:55,0
DA:56,0
DA:57,0
DA:58,0
DA:60,0
DA:62,0
DA:63,0
DA:71,0
DA:72,0
DA:73,0
DA:74,0
DA:75,0
DA:76,0
DA:78,0
DA:85,0
DA:86,0
DA:87,0
DA:88,0
DA:95,0
LF:31
LH:0
BRDA:18,0,0,0
BRDA:18,0,1,0
BRDA:19,1,0,0
BRDA:19,1,1,0
BRDA:26,2,0,0
BRDA:26,2,1,0
BRDA:42,3,0,0
BRDA:42,3,1,0
BRDA:45,4,0,0
BRDA:45,4,1,0
BRDA:57,5,0,0
BRDA:57,5,1,0
BRDA:62,6,0,0
BRDA:62,6,1,0
BRDA:73,7,0,0
BRDA:73,7,1,0
BRDA:75,8,0,0
BRDA:75,8,1,0
BRDA:88,9,0,0
BRDA:88,9,1,0
BRF:20
BRH:0
end_of_record
TN:
SF:src/output-styles/types.ts
FNF:0
FNH:0
DA:15,0
LF:1
LH:0
BRF:0
BRH:0
end_of_record
TN:
SF:src/skills/index.ts
FNF:0
FNH:0
LF:0
LH:0
BRF:0
BRH:0
end_of_record
TN:
SF:src/skills/skillsRegistry.ts
FN:16,registerSkill
FN:23,getSkills
FN:24,(anonymous_2)
FN:32,getSkill
FN:41,getSkillsBySource
FN:42,(anonymous_5)
FN:48,clearSkills
FN:55,parseFrontmatter
FN:80,loadSkillFromMarkdown
FN:89,(anonymous_9)
FN:90,(anonymous_10)
FN:103,(anonymous_11)
FN:116,initBundledSkills
FN:122,(anonymous_13)
FN:131,(anonymous_14)
FN:140,(anonymous_15)
FN:149,(anonymous_16)
FN:158,(anonymous_17)
FNF:18
FNH:0
FNDA:0,registerSkill
FNDA:0,getSkills
FNDA:0,(anonymous_2)
FNDA:0,getSkill
FNDA:0,getSkillsBySource
FNDA:0,(anonymous_5)
FNDA:0,clearSkills
FNDA:0,parseFrontmatter
FNDA:0,loadSkillFromMarkdown
FNDA:0,(anonymous_9)
FNDA:0,(anonymous_10)
FNDA:0,(anonymous_11)
FNDA:0,initBundledSkills
FNDA:0,(anonymous_13)
FNDA:0,(anonymous_14)
FNDA:0,(anonymous_15)
FNDA:0,(anonymous_16)
FNDA:0,(anonymous_17)
DA:11,0
DA:17,0
DA:24,0
DA:25,0
DA:33,0
DA:34,0
DA:35,0
DA:42,0
DA:49,0
DA:56,0
DA:57,0
DA:59,0
DA:60,0
DA:61,0
DA:62,0
DA:64,0
DA:65,0
DA:66,0
DA:67,0
DA:68,0
DA:69,0
DA:74,0
DA:85,0
DA:87,0
DA:88,0
DA:89,0
DA:90,0
DA:92,0
DA:104,0
DA:105,0
DA:106,0
DA:117,0
DA:123,0
DA:126,0
DA:132,0
DA:135,0
DA:141,0
DA:144,0
DA:150,0
DA:153,0
DA:159,0
LF:41
LH:0
BRDA:25,0,0,0
BRDA:25,0,1,0
BRDA:34,1,0,0
BRDA:34,1,1,0
BRDA:34,2,0,0
BRDA:34,2,1,0
BRDA:34,2,2,0
BRDA:60,3,0,0
BRDA:60,3,1,0
BRDA:66,4,0,0
BRDA:66,4,1,0
BRDA:83,5,0,0
BRDA:87,6,0,0
BRDA:87,6,1,0
BRDA:88,7,0,0
BRDA:88,7,1,0
BRDA:89,8,0,0
BRDA:89,8,1,0
BRDA:90,9,0,0
BRDA:90,9,1,0
BRDA:99,10,0,0
BRDA:99,10,1,0
BRF:22
BRH:0
end_of_record
TN:
SF:src/skills/types.ts
FNF:0
FNH:0
LF:0
LH:0
BRF:0
BRH:0
end_of_record
TN:
SF:src/types/quantum.types.ts
FNF:0
FNH:0
DA:9,6
DA:30,6
LF:2
LH:2
BRF:0
BRH:0
end_of_record
TN:
SF:src/utils/EntropicCompression.ts
FN:31,(anonymous_0)
FN:63,(anonymous_1)
FN:101,(anonymous_2)
FN:109,(anonymous_3)
FN:126,(anonymous_4)
FN:139,(anonymous_5)
FN:148,(anonymous_6)
FNF:7
FNH:5
FNDA:17,(anonymous_0)
FNDA:12,(anonymous_1)
FNDA:17,(anonymous_2)
FNDA:65,(anonymous_3)
FNDA:0,(anonymous_4)
FNDA:0,(anonymous_5)
FNDA:2,(anonymous_6)
DA:19,2
DA:22,20
DA:23,20
DA:26,20
DA:32,17
DA:33,17
DA:34,17
DA:36,17
DA:37,65
DA:40,65
DA:41,0
DA:42,0
DA:43,0
DA:46,65
DA:51,17
DA:52,17
DA:53,0
DA:55,17
DA:57,17
DA:64,12
DA:67,12
DA:68,12
DA:69,12
DA:72,12
DA:73,12
DA:74,0
DA:75,0
DA:76,0
DA:77,0
DA:82,12
DA:85,12
DA:87,12
DA:88,58
DA:89,58
DA:91,58
DA:92,0
DA:93,58
DA:94,58
DA:98,12
DA:102,17
DA:103,17
DA:104,65
DA:106,17
DA:111,65
DA:112,65
DA:113,251
DA:114,251
DA:115,2008
DA:118,65
DA:119,65
DA:127,0
DA:128,0
DA:129,0
DA:132,0
DA:142,0
DA:149,11
DA:150,11
LF:57
LH:43
BRDA:40,0,0,0
BRDA:40,0,1,65
BRDA:55,1,0,0
BRDA:55,1,1,17
BRDA:68,2,0,0
BRDA:68,2,1,12
BRDA:69,3,0,0
BRDA:69,3,1,12
BRDA:73,4,0,0
BRDA:73,4,1,12
BRDA:76,5,0,0
BRDA:76,5,1,0
BRDA:91,6,0,0
BRDA:91,6,1,58
BRDA:92,7,0,0
BRDA:92,7,1,0
BRDA:93,8,0,58
BRDA:93,8,1,0
BRDA:115,9,0,652
BRDA:115,9,1,1356
BRF:20
BRH:9
end_of_record
TN:
SF:src/utils/InnovationTester.ts
FN:19,(anonymous_0)
FN:38,(anonymous_1)
FN:58,(anonymous_2)
FN:61,(anonymous_3)
FN:61,(anonymous_4)
FN:74,(anonymous_5)
FNF:6
FNH:6
FNDA:1,(anonymous_0)
FNDA:1,(anonymous_1)
FNDA:1,(anonymous_2)
FNDA:6000,(anonymous_3)
FNDA:60000,(anonymous_4)
FNDA:1,(anonymous_5)
DA:20,6
DA:21,6
DA:22,6
DA:23,6
DA:24,6
DA:28,6
DA:29,6
DA:31,6
DA:32,6
DA:39,7
DA:40,7
DA:42,7
DA:43,7
DA:44,7
DA:46,7
DA:47,7
DA:48,7
DA:49,7
DA:50,7
DA:52,7
DA:59,6
DA:61,60000
DA:63,6
DA:64,6
DA:66,6
DA:67,294
DA:70,6
DA:71,6
DA:75,4
LF:29
LH:29
BRDA:38,0,0,7
BRDA:50,1,0,7
BRDA:50,1,1,0
BRF:3
BRH:2
end_of_record
TN:
SF:src/utils/QuantumAlgorithms.ts
FN:13,(anonymous_0)
FN:21,(anonymous_1)
FN:29,(anonymous_2)
FN:37,(anonymous_3)
FNF:4
FNH:0
FNDA:0,(anonymous_0)
FNDA:0,(anonymous_1)
FNDA:0,(anonymous_2)
FNDA:0,(anonymous_3)
DA:14,0
DA:15,0
DA:22,0
DA:23,0
DA:30,0
DA:31,0
DA:38,0
LF:7
LH:0
BRF:0
BRH:0
end_of_record
TN:
SF:src/utils/QuantumGeneticEvolution.ts
FN:28,(anonymous_0)
FN:34,(anonymous_1)
FN:37,(anonymous_2)
FN:48,(anonymous_3)
FN:50,(anonymous_4)
FN:53,(anonymous_5)
FN:77,(anonymous_6)
FN:78,(anonymous_7)
FN:94,(anonymous_8)
FN:116,(anonymous_9)
FN:130,(anonymous_10)
FNF:11
FNH:10
FNDA:6,(anonymous_0)
FNDA:6,(anonymous_1)
FNDA:1200,(anonymous_2)
FNDA:300,(anonymous_3)
FNDA:6000,(anonymous_4)
FNDA:17967,(anonymous_5)
FNDA:10800,(anonymous_6)
FNDA:216000,(anonymous_7)
FNDA:5400,(anonymous_8)
FNDA:5400,(anonymous_9)
FNDA:0,(anonymous_10)
DA:24,6
DA:29,6
DA:30,6
DA:31,6
DA:35,6
DA:36,120
DA:37,1200
DA:50,6000
DA:53,17967
DA:56,300
DA:59,300
DA:60,5400
DA:61,5400
DA:63,5400
DA:64,5400
DA:66,5400
DA:69,300
DA:70,300
DA:78,10800
DA:79,216000
DA:81,10800
DA:82,10800
DA:83,115659
DA:84,115659
DA:85,104859
DA:87,0
DA:95,5400
DA:97,5400
DA:102,5400
DA:117,5400
DA:119,5400
DA:120,54000
DA:122,790
DA:125,790
DA:131,0
LF:35
LH:33
BRDA:84,0,0,10800
BRDA:84,0,1,104859
BRDA:120,1,0,790
BRDA:120,1,1,53210
BRF:4
BRH:4
end_of_record
TN:
SF:src/utils/QuantumMath.ts
FN:16,(anonymous_0)
FN:23,(anonymous_1)
FN:24,(anonymous_2)
FN:34,(anonymous_3)
FN:43,(anonymous_4)
FN:153,applyCosmicEvolutionOperator
FN:196,updateCosmicState
FN:232,computeQACEEnergy
FN:258,runQACE
FN:444,computeBettiNumbers
FN:448,(anonymous_10)
FN:449,(anonymous_11)
FN:450,(anonymous_12)
FN:453,(anonymous_13)
FN:454,(anonymous_14)
FN:455,(anonymous_15)
FN:467,(anonymous_16)
FN:487,runQDTA
FN:619,(anonymous_18)
FN:632,(anonymous_19)
FN:658,(anonymous_20)
FN:692,(anonymous_21)
FN:786,qsgaAcceptanceProbability
FN:826,runQSGA
FN:852,(anonymous_24)
FN:973,(anonymous_25)
FN:983,(anonymous_26)
FN:984,(anonymous_27)
FN:986,(anonymous_28)
FN:1005,(anonymous_29)
FN:1022,(anonymous_30)
FN:1024,(anonymous_31)
FN:1033,(anonymous_32)
FN:1123,(anonymous_33)
FN:1126,(anonymous_34)
FN:1127,(anonymous_35)
FN:1133,(anonymous_36)
FN:1141,(anonymous_37)
FN:1200,computeBekensteinBound
FN:1205,computeHolographicCapacity
FN:1212,computeAlotaibiHolographicEnergy
FN:1237,computeGuaranteedErrorBound
FN:1271,runQHEB
FN:1358,computeQUnified
FNF:44
FNH:0
FNDA:0,(anonymous_0)
FNDA:0,(anonymous_1)
FNDA:0,(anonymous_2)
FNDA:0,(anonymous_3)
FNDA:0,(anonymous_4)
FNDA:0,applyCosmicEvolutionOperator
FNDA:0,updateCosmicState
FNDA:0,computeQACEEnergy
FNDA:0,runQACE
FNDA:0,computeBettiNumbers
FNDA:0,(anonymous_10)
FNDA:0,(anonymous_11)
FNDA:0,(anonymous_12)
FNDA:0,(anonymous_13)
FNDA:0,(anonymous_14)
FNDA:0,(anonymous_15)
FNDA:0,(anonymous_16)
FNDA:0,runQDTA
FNDA:0,(anonymous_18)
FNDA:0,(anonymous_19)
FNDA:0,(anonymous_20)
FNDA:0,(anonymous_21)
FNDA:0,qsgaAcceptanceProbability
FNDA:0,runQSGA
FNDA:0,(anonymous_24)
FNDA:0,(anonymous_25)
FNDA:0,(anonymous_26)
FNDA:0,(anonymous_27)
FNDA:0,(anonymous_28)
FNDA:0,(anonymous_29)
FNDA:0,(anonymous_30)
FNDA:0,(anonymous_31)
FNDA:0,(anonymous_32)
FNDA:0,(anonymous_33)
FNDA:0,(anonymous_34)
FNDA:0,(anonymous_35)
FNDA:0,(anonymous_36)
FNDA:0,(anonymous_37)
FNDA:0,computeBekensteinBound
FNDA:0,computeHolographicCapacity
FNDA:0,computeAlotaibiHolographicEnergy
FNDA:0,computeGuaranteedErrorBound
FNDA:0,runQHEB
FNDA:0,computeQUnified
DA:17,0
DA:24,0
DA:25,0
DA:26,0
DA:27,0
DA:28,0
DA:36,0
DA:37,0
DA:44,0
DA:45,0
DA:46,0
DA:47,0
DA:50,0
DA:160,0
DA:161,0
DA:164,0
DA:168,0
DA:171,0
DA:172,0
DA:174,0
DA:203,0
DA:206,0
DA:211,0
DA:212,0
DA:213,0
DA:216,0
DA:217,0
DA:218,0
DA:219,0
DA:221,0
DA:240,0
DA:241,0
DA:243,0
DA:244,0
DA:245,0
DA:246,0
DA:247,0
DA:250,0
DA:259,0
DA:260,0
DA:263,0
DA:264,0
DA:265,0
DA:266,0
DA:268,0
DA:269,0
DA:270,0
DA:273,0
DA:274,0
DA:276,0
DA:283,0
DA:284,0
DA:285,0
DA:291,0
DA:292,0
DA:295,0
DA:299,0
DA:300,0
DA:303,0
DA:309,0
DA:311,0
DA:318,0
DA:326,0
DA:331,0
DA:336,0
DA:337,0
DA:338,0
DA:340,0
DA:350,0
DA:351,0
DA:352,0
DA:353,0
DA:354,0
DA:357,0
DA:360,0
DA:361,0
DA:362,0
DA:365,0
DA:366,0
DA:367,0
DA:368,0
DA:370,0
DA:445,0
DA:446,0
DA:448,0
DA:449,0
DA:450,0
DA:453,0
DA:454,0
DA:455,0
DA:457,0
DA:458,0
DA:459,0
DA:460,0
DA:461,0
DA:462,0
DA:467,0
DA:468,0
DA:470,0
DA:472,0
DA:473,0
DA:475,0
DA:492,0
DA:493,0
DA:495,0
DA:497,0
DA:498,0
DA:499,0
DA:501,0
DA:502,0
DA:503,0
DA:505,0
DA:506,0
DA:508,0
DA:509,0
DA:510,0
DA:511,0
DA:512,0
DA:513,0
DA:514,0
DA:515,0
DA:516,0
DA:517,0
DA:520,0
DA:522,0
DA:524,0
DA:533,0
DA:538,0
DA:539,0
DA:540,0
DA:541,0
DA:542,0
DA:543,0
DA:545,0
DA:546,0
DA:547,0
DA:549,0
DA:616,0
DA:620,0
DA:633,0
DA:634,0
DA:637,0
DA:638,0
DA:639,0
DA:640,0
DA:642,0
DA:659,0
DA:660,0
DA:661,0
DA:670,0
DA:671,0
DA:672,0
DA:673,0
DA:674,0
DA:675,0
DA:678,0
DA:682,0
DA:683,0
DA:689,0
DA:690,0
DA:692,0
DA:694,0
DA:695,0
DA:696,0
DA:697,0
DA:698,0
DA:702,0
DA:703,0
DA:708,0
DA:711,0
DA:712,0
DA:715,0
DA:717,0
DA:791,0
DA:792,0
DA:793,0
DA:796,0
DA:798,0
DA:799,0
DA:802,0
DA:804,0
DA:805,0
DA:809,0
DA:810,0
DA:811,0
DA:833,0
DA:834,0
DA:836,0
DA:843,0
DA:844,0
DA:846,0
DA:847,0
DA:848,0
DA:850,0
DA:852,0
DA:853,0
DA:855,0
DA:856,0
DA:860,0
DA:863,0
DA:867,0
DA:868,0
DA:869,0
DA:870,0
DA:871,0
DA:872,0
DA:873,0
DA:874,0
DA:875,0
DA:876,0
DA:881,0
DA:884,0
DA:885,0
DA:895,0
DA:896,0
DA:898,0
DA:899,0
DA:900,0
DA:902,0
DA:979,0
DA:980,0
DA:981,0
DA:983,0
DA:984,0
DA:985,0
DA:986,0
DA:988,0
DA:1006,0
DA:1007,0
DA:1009,0
DA:1010,0
DA:1011,0
DA:1012,0
DA:1014,0
DA:1015,0
DA:1023,0
DA:1024,0
DA:1025,0
DA:1027,0
DA:1034,0
DA:1035,0
DA:1036,0
DA:1037,0
DA:1038,0
DA:1039,0
DA:1041,0
DA:1042,0
DA:1043,0
DA:1046,0
DA:1048,0
DA:1050,0
DA:1051,0
DA:1052,0
DA:1054,0
DA:1055,0
DA:1056,0
DA:1057,0
DA:1058,0
DA:1059,0
DA:1060,0
DA:1066,0
DA:1067,0
DA:1069,0
DA:1070,0
DA:1072,0
DA:1073,0
DA:1074,0
DA:1075,0
DA:1078,0
DA:1080,0
DA:1081,0
DA:1082,0
DA:1083,0
DA:1084,0
DA:1087,0
DA:1088,0
DA:1089,0
DA:1091,0
DA:1092,0
DA:1093,0
DA:1094,0
DA:1096,0
DA:1098,0
DA:1099,0
DA:1102,0
DA:1103,0
DA:1104,0
DA:1107,0
DA:1109,0
DA:1110,0
DA:1111,0
DA:1113,0
DA:1124,0
DA:1125,0
DA:1126,0
DA:1127,0
DA:1129,0
DA:1130,0
DA:1131,0
DA:1132,0
DA:1133,0
DA:1134,0
DA:1135,0
DA:1137,0
DA:1140,0
DA:1141,0
DA:1142,0
DA:1144,0
DA:1148,0
DA:1201,0
DA:1202,0
DA:1206,0
DA:1207,0
DA:1208,0
DA:1209,0
DA:1219,0
DA:1220,0
DA:1222,0
DA:1223,0
DA:1225,0
DA:1226,0
DA:1227,0
DA:1229,0
DA:1230,0
DA:1231,0
DA:1233,0
DA:1234,0
DA:1249,0
DA:1251,0
DA:1254,0
DA:1255,0
DA:1257,0
DA:1260,0
DA:1261,0
DA:1263,0
DA:1265,0
DA:1266,0
DA:1268,0
DA:1272,0
DA:1273,0
DA:1274,0
DA:1276,0
DA:1277,0
DA:1279,0
DA:1280,0
DA:1281,0
DA:1283,0
DA:1284,0
DA:1286,0
DA:1292,0
DA:1293,0
DA:1295,0
DA:1296,0
DA:1298,0
DA:1299,0
DA:1300,0
DA:1302,0
DA:1303,0
DA:1305,0
DA:1359,0
DA:1367,0
DA:1369,0
DA:1370,0
DA:1371,0
DA:1373,0
DA:1374,0
DA:1376,0
DA:1377,0
DA:1378,0
DA:1379,0
DA:1381,0
DA:1382,0
DA:1384,0
DA:1385,0
DA:1387,0
LF:375
LH:0
BRDA:238,0,0,0
BRDA:263,1,0,0
BRDA:263,1,1,0
BRDA:265,2,0,0
BRDA:265,2,1,0
BRDA:265,3,0,0
BRDA:265,3,1,0
BRDA:331,4,0,0
BRDA:331,4,1,0
BRDA:350,5,0,0
BRDA:350,5,1,0
BRDA:446,6,0,0
BRDA:446,6,1,0
BRDA:449,7,0,0
BRDA:449,7,1,0
BRDA:454,8,0,0
BRDA:454,8,1,0
BRDA:460,9,0,0
BRDA:460,9,1,0
BRDA:489,10,0,0
BRDA:490,11,0,0
BRDA:515,12,0,0
BRDA:515,12,1,0
BRDA:515,13,0,0
BRDA:515,13,1,0
BRDA:520,14,0,0
BRDA:520,14,1,0
BRDA:539,15,0,0
BRDA:539,15,1,0
BRDA:540,16,0,0
BRDA:540,16,1,0
BRDA:541,17,0,0
BRDA:541,17,1,0
BRDA:542,18,0,0
BRDA:542,18,1,0
BRDA:543,19,0,0
BRDA:543,19,1,0
BRDA:658,20,0,0
BRDA:660,21,0,0
BRDA:660,21,1,0
BRDA:698,22,0,0
BRDA:698,22,1,0
BRDA:711,23,0,0
BRDA:711,23,1,0
BRDA:798,24,0,0
BRDA:798,24,1,0
BRDA:802,25,0,0
BRDA:802,25,1,0
BRDA:829,26,0,0
BRDA:830,27,0,0
BRDA:831,28,0,0
BRDA:868,29,0,0
BRDA:868,29,1,0
BRDA:872,30,0,0
BRDA:872,30,1,0
BRDA:875,31,0,0
BRDA:875,31,1,0
BRDA:884,32,0,0
BRDA:884,32,1,0
BRDA:1025,33,0,0
BRDA:1025,33,1,0
BRDA:1056,34,0,0
BRDA:1056,34,1,0
BRDA:1058,35,0,0
BRDA:1058,35,1,0
BRDA:1066,36,0,0
BRDA:1066,36,1,0
BRDA:1078,37,0,0
BRDA:1078,37,1,0
BRDA:1084,38,0,0
BRDA:1084,38,1,0
BRDA:1099,39,0,0
BRDA:1099,39,1,0
BRDA:1111,40,0,0
BRDA:1111,40,1,0
BRDA:1126,41,0,0
BRDA:1126,41,1,0
BRDA:1131,42,0,0
BRDA:1131,42,1,0
BRDA:1131,43,0,0
BRDA:1131,43,1,0
BRDA:1134,44,0,0
BRDA:1134,44,1,0
BRDA:1137,45,0,0
BRDA:1137,45,1,0
BRDA:1140,46,0,0
BRDA:1140,46,1,0
BRDA:1142,47,0,0
BRDA:1142,47,1,0
BRDA:1215,48,0,0
BRDA:1216,49,0,0
BRDA:1217,50,0,0
BRDA:1254,51,0,0
BRDA:1254,51,1,0
BRDA:1265,52,0,0
BRDA:1265,52,1,0
BRDA:1293,53,0,0
BRDA:1293,53,1,0
BRDA:1369,54,0,0
BRDA:1369,54,1,0
BRDA:1370,55,0,0
BRDA:1370,55,1,0
BRDA:1371,56,0,0
BRDA:1371,56,1,0
BRDA:1373,57,0,0
BRDA:1373,57,1,0
BRDA:1374,58,0,0
BRDA:1374,58,1,0
BRDA:1381,59,0,0
BRDA:1381,59,1,0
BRF:110
BRH:0
end_of_record
TN:
SF:src/utils/QuantumResonancePathfinder.ts
FN:29,(anonymous_0)
FN:32,(anonymous_1)
FN:33,(anonymous_2)
FN:43,(anonymous_3)
FN:45,(anonymous_4)
FN:77,(anonymous_5)
FN:93,(anonymous_6)
FN:106,(anonymous_7)
FN:124,(anonymous_8)
FN:131,(anonymous_9)
FN:132,(anonymous_10)
FN:133,(anonymous_11)
FNF:12
FNH:12
FNDA:6,(anonymous_0)
FNDA:60,(anonymous_1)
FNDA:600,(anonymous_2)
FNDA:6,(anonymous_3)
FNDA:18,(anonymous_4)
FNDA:6,(anonymous_5)
FNDA:3522,(anonymous_6)
FNDA:720,(anonymous_7)
FNDA:258,(anonymous_8)
FNDA:2064,(anonymous_9)
FNDA:2064,(anonymous_10)
FNDA:1800,(anonymous_11)
DA:30,6
DA:31,6
DA:32,6
DA:33,600
DA:45,6
DA:46,18
DA:47,18
DA:51,6
DA:54,6
DA:55,60
DA:56,600
DA:57,18
DA:58,18
DA:61,582
DA:66,582
DA:67,582
DA:68,582
DA:78,6
DA:79,6
DA:80,6
DA:83,6
DA:84,6
DA:86,6
DA:87,258
DA:88,258
DA:90,258
DA:93,258
DA:94,3522
DA:95,3522
DA:99,3522
DA:100,3522
DA:102,3522
DA:106,720
DA:110,258
DA:111,0
DA:114,258
DA:116,258
DA:117,258
DA:118,258
DA:121,6
DA:125,258
DA:130,258
DA:131,2064
DA:132,2064
DA:133,1800
LF:45
LH:44
BRDA:46,0,0,18
BRDA:46,0,1,0
BRDA:46,1,0,18
BRDA:46,1,1,18
BRDA:56,2,0,18
BRDA:56,2,1,582
BRDA:86,3,0,6
BRDA:86,3,1,6
BRDA:86,3,2,258
BRDA:90,4,0,0
BRDA:90,4,1,258
BRDA:110,5,0,0
BRDA:110,5,1,258
BRDA:110,6,0,258
BRDA:110,6,1,0
BRDA:110,6,2,0
BRDA:114,7,0,0
BRDA:114,7,1,258
BRDA:132,8,0,2064
BRDA:132,8,1,1956
BRDA:132,8,2,1956
BRDA:132,8,3,1872
BRF:22
BRH:16
end_of_record
TN:
SF:src/visualizers/InteractiveBlochSphere.tsx
FN:19,(anonymous_0)
FN:30,(anonymous_1)
FN:74,(anonymous_2)
FN:82,(anonymous_3)
FN:89,(anonymous_4)
FNF:5
FNH:0
FNDA:0,(anonymous_0)
FNDA:0,(anonymous_1)
FNDA:0,(anonymous_2)
FNDA:0,(anonymous_3)
FNDA:0,(anonymous_4)
DA:19,0
DA:24,0
DA:25,0
DA:26,0
DA:27,0
DA:28,0
DA:30,0
DA:31,0
DA:34,0
DA:35,0
DA:37,0
DA:38,0
DA:39,0
DA:40,0
DA:42,0
DA:43,0
DA:44,0
DA:45,0
DA:48,0
DA:49,0
DA:55,0
DA:56,0
DA:59,0
DA:60,0
DA:63,0
DA:64,0
DA:65,0
DA:66,0
DA:67,0
DA:70,0
DA:71,0
DA:74,0
DA:75,0
DA:76,0
DA:77,0
DA:80,0
DA:82,0
DA:83,0
DA:84,0
DA:89,0
DA:90,0
DA:95,0
DA:96,0
DA:97,0
DA:99,0
DA:100,0
DA:104,0
LF:47
LH:0
BRDA:22,0,0,0
BRDA:31,1,0,0
BRDA:31,1,1,0
BRDA:76,2,0,0
BRDA:76,2,1,0
BRDA:76,3,0,0
BRDA:76,3,1,0
BRDA:90,4,0,0
BRDA:90,4,1,0
BRF:9
BRH:0
end_of_record
